[2026-02-09T18:07:20.495+0000] {local_task_job_runner.py:123} INFO - ::group::Pre task execution logs
[2026-02-09T18:07:20.511+0000] {taskinstance.py:2612} INFO - Dependencies all met for dep_context=non-requeueable deps ti=<TaskInstance: stock_prediction_plus_visuals.train_and_visualize scheduled__2026-02-08T00:00:00+00:00 [queued]>
[2026-02-09T18:07:20.519+0000] {taskinstance.py:2612} INFO - Dependencies all met for dep_context=requeueable deps ti=<TaskInstance: stock_prediction_plus_visuals.train_and_visualize scheduled__2026-02-08T00:00:00+00:00 [queued]>
[2026-02-09T18:07:20.520+0000] {taskinstance.py:2865} INFO - Starting attempt 1 of 1
[2026-02-09T18:07:20.533+0000] {taskinstance.py:2888} INFO - Executing <Task(_PythonDecoratedOperator): train_and_visualize> on 2026-02-08 00:00:00+00:00
[2026-02-09T18:07:20.557+0000] {logging_mixin.py:190} WARNING - /home/***/.local/lib/python3.12/site-packages/***/task/task_runner/standard_task_runner.py:70 DeprecationWarning: This process (pid=246) is multi-threaded, use of fork() may lead to deadlocks in the child.
[2026-02-09T18:07:20.553+0000] {standard_task_runner.py:104} INFO - Running: ['***', 'tasks', 'run', 'stock_prediction_plus_visuals', 'train_and_visualize', 'scheduled__2026-02-08T00:00:00+00:00', '--job-id', '18', '--raw', '--subdir', 'DAGS_FOLDER/stock_prediction_dag.py', '--cfg-path', '/tmp/tmpn9f8yfky']
[2026-02-09T18:07:20.562+0000] {standard_task_runner.py:72} INFO - Started process 256 to run task
[2026-02-09T18:07:20.562+0000] {standard_task_runner.py:105} INFO - Job 18: Subtask train_and_visualize
[2026-02-09T18:07:20.646+0000] {task_command.py:467} INFO - Running <TaskInstance: stock_prediction_plus_visuals.train_and_visualize scheduled__2026-02-08T00:00:00+00:00 [running]> on host c1e8eb18e7f2
[2026-02-09T18:07:20.740+0000] {taskinstance.py:3131} INFO - Exporting env vars: AIRFLOW_CTX_DAG_OWNER='***' AIRFLOW_CTX_DAG_ID='stock_prediction_plus_visuals' AIRFLOW_CTX_TASK_ID='train_and_visualize' AIRFLOW_CTX_EXECUTION_DATE='2026-02-08T00:00:00+00:00' AIRFLOW_CTX_TRY_NUMBER='1' AIRFLOW_CTX_DAG_RUN_ID='scheduled__2026-02-08T00:00:00+00:00'
[2026-02-09T18:07:20.741+0000] {taskinstance.py:731} INFO - ::endgroup::
[2026-02-09T18:07:20.757+0000] {base.py:84} INFO - Retrieving connection 'minio_s3_conn'
[2026-02-09T18:07:20.758+0000] {connection_wrapper.py:388} INFO - AWS Connection (conn_id='minio_s3_conn', conn_type='aws') credentials retrieved from login and password.
[2026-02-09T18:07:21.730+0000] {logging_mixin.py:190} INFO - MSE: 1813.3045291720005 | RMSE: 42.582913582468734
[2026-02-09T18:07:22.652+0000] {logging_mixin.py:190} INFO - Plot saved to MinIO: plots/TSLA_prediction_2026-02-09.png
[2026-02-09T18:07:23.148+0000] {python.py:240} INFO - Done. Returned value was: None
[2026-02-09T18:07:23.157+0000] {taskinstance.py:340} INFO - ::group::Post task execution logs
[2026-02-09T18:07:23.158+0000] {taskinstance.py:352} INFO - Marking task as SUCCESS. dag_id=stock_prediction_plus_visuals, task_id=train_and_visualize, run_id=scheduled__2026-02-08T00:00:00+00:00, execution_date=20260208T000000, start_date=20260209T180720, end_date=20260209T180723
[2026-02-09T18:07:23.210+0000] {local_task_job_runner.py:266} INFO - Task exited with return code 0
[2026-02-09T18:07:23.227+0000] {taskinstance.py:3900} INFO - 0 downstream tasks scheduled from follow-on schedule check
[2026-02-09T18:07:23.228+0000] {local_task_job_runner.py:245} INFO - ::endgroup::
