[2026-02-09T18:15:53.112+0000] {local_task_job_runner.py:123} INFO - ::group::Pre task execution logs
[2026-02-09T18:15:53.123+0000] {taskinstance.py:2612} INFO - Dependencies all met for dep_context=non-requeueable deps ti=<TaskInstance: stock_prediction_plus_visuals.train_and_visualize manual__2026-02-09T18:15:46.605755+00:00 [queued]>
[2026-02-09T18:15:53.129+0000] {taskinstance.py:2612} INFO - Dependencies all met for dep_context=requeueable deps ti=<TaskInstance: stock_prediction_plus_visuals.train_and_visualize manual__2026-02-09T18:15:46.605755+00:00 [queued]>
[2026-02-09T18:15:53.129+0000] {taskinstance.py:2865} INFO - Starting attempt 1 of 1
[2026-02-09T18:15:53.137+0000] {taskinstance.py:2888} INFO - Executing <Task(_PythonDecoratedOperator): train_and_visualize> on 2026-02-09 18:15:46.605755+00:00
[2026-02-09T18:15:53.150+0000] {standard_task_runner.py:104} INFO - Running: ['***', 'tasks', 'run', 'stock_prediction_plus_visuals', 'train_and_visualize', 'manual__2026-02-09T18:15:46.605755+00:00', '--job-id', '21', '--raw', '--subdir', 'DAGS_FOLDER/stock_prediction_dag.py', '--cfg-path', '/tmp/tmpnf9vtx2i']
[2026-02-09T18:15:53.153+0000] {standard_task_runner.py:105} INFO - Job 21: Subtask train_and_visualize
[2026-02-09T18:15:53.155+0000] {logging_mixin.py:190} WARNING - /home/***/.local/lib/python3.12/site-packages/***/task/task_runner/standard_task_runner.py:70 DeprecationWarning: This process (pid=415) is multi-threaded, use of fork() may lead to deadlocks in the child.
[2026-02-09T18:15:53.156+0000] {standard_task_runner.py:72} INFO - Started process 419 to run task
[2026-02-09T18:15:53.186+0000] {task_command.py:467} INFO - Running <TaskInstance: stock_prediction_plus_visuals.train_and_visualize manual__2026-02-09T18:15:46.605755+00:00 [running]> on host c1e8eb18e7f2
[2026-02-09T18:15:53.261+0000] {taskinstance.py:3131} INFO - Exporting env vars: AIRFLOW_CTX_DAG_OWNER='***' AIRFLOW_CTX_DAG_ID='stock_prediction_plus_visuals' AIRFLOW_CTX_TASK_ID='train_and_visualize' AIRFLOW_CTX_EXECUTION_DATE='2026-02-09T18:15:46.605755+00:00' AIRFLOW_CTX_TRY_NUMBER='1' AIRFLOW_CTX_DAG_RUN_ID='manual__2026-02-09T18:15:46.605755+00:00'
[2026-02-09T18:15:53.262+0000] {taskinstance.py:731} INFO - ::endgroup::
[2026-02-09T18:15:53.272+0000] {base.py:84} INFO - Retrieving connection 'minio_s3_conn'
[2026-02-09T18:15:53.272+0000] {connection_wrapper.py:388} INFO - AWS Connection (conn_id='minio_s3_conn', conn_type='aws') credentials retrieved from login and password.
[2026-02-09T18:15:53.549+0000] {logging_mixin.py:190} INFO - MSE: 165.1776410974793 | RMSE: 12.85214538890217
[2026-02-09T18:15:54.377+0000] {logging_mixin.py:190} INFO - Plot saved to MinIO: plots/NVDA_prediction_2026-02-09.png
[2026-02-09T18:15:54.589+0000] {python.py:240} INFO - Done. Returned value was: None
[2026-02-09T18:15:54.596+0000] {taskinstance.py:340} INFO - ::group::Post task execution logs
[2026-02-09T18:15:54.597+0000] {taskinstance.py:352} INFO - Marking task as SUCCESS. dag_id=stock_prediction_plus_visuals, task_id=train_and_visualize, run_id=manual__2026-02-09T18:15:46.605755+00:00, execution_date=20260209T181546, start_date=20260209T181553, end_date=20260209T181554
[2026-02-09T18:15:54.624+0000] {local_task_job_runner.py:266} INFO - Task exited with return code 0
[2026-02-09T18:15:54.641+0000] {taskinstance.py:3900} INFO - 0 downstream tasks scheduled from follow-on schedule check
[2026-02-09T18:15:54.642+0000] {local_task_job_runner.py:245} INFO - ::endgroup::
