[2026-02-09T18:15:49.064+0000] {local_task_job_runner.py:123} INFO - ::group::Pre task execution logs
[2026-02-09T18:15:49.074+0000] {taskinstance.py:2612} INFO - Dependencies all met for dep_context=non-requeueable deps ti=<TaskInstance: stock_prediction_plus_visuals.fetch_stock_data manual__2026-02-09T18:15:46.605755+00:00 [queued]>
[2026-02-09T18:15:49.080+0000] {taskinstance.py:2612} INFO - Dependencies all met for dep_context=requeueable deps ti=<TaskInstance: stock_prediction_plus_visuals.fetch_stock_data manual__2026-02-09T18:15:46.605755+00:00 [queued]>
[2026-02-09T18:15:49.080+0000] {taskinstance.py:2865} INFO - Starting attempt 1 of 1
[2026-02-09T18:15:49.088+0000] {taskinstance.py:2888} INFO - Executing <Task(_PythonDecoratedOperator): fetch_stock_data> on 2026-02-09 18:15:46.605755+00:00
[2026-02-09T18:15:49.099+0000] {standard_task_runner.py:104} INFO - Running: ['***', 'tasks', 'run', 'stock_prediction_plus_visuals', 'fetch_stock_data', 'manual__2026-02-09T18:15:46.605755+00:00', '--job-id', '20', '--raw', '--subdir', 'DAGS_FOLDER/stock_prediction_dag.py', '--cfg-path', '/tmp/tmp5hx0me65']
[2026-02-09T18:15:49.102+0000] {standard_task_runner.py:105} INFO - Job 20: Subtask fetch_stock_data
[2026-02-09T18:15:49.105+0000] {logging_mixin.py:190} WARNING - /home/***/.local/lib/python3.12/site-packages/***/task/task_runner/standard_task_runner.py:70 DeprecationWarning: This process (pid=404) is multi-threaded, use of fork() may lead to deadlocks in the child.
[2026-02-09T18:15:49.105+0000] {standard_task_runner.py:72} INFO - Started process 408 to run task
[2026-02-09T18:15:49.139+0000] {task_command.py:467} INFO - Running <TaskInstance: stock_prediction_plus_visuals.fetch_stock_data manual__2026-02-09T18:15:46.605755+00:00 [running]> on host c1e8eb18e7f2
[2026-02-09T18:15:49.199+0000] {taskinstance.py:3131} INFO - Exporting env vars: AIRFLOW_CTX_DAG_OWNER='***' AIRFLOW_CTX_DAG_ID='stock_prediction_plus_visuals' AIRFLOW_CTX_TASK_ID='fetch_stock_data' AIRFLOW_CTX_EXECUTION_DATE='2026-02-09T18:15:46.605755+00:00' AIRFLOW_CTX_TRY_NUMBER='1' AIRFLOW_CTX_DAG_RUN_ID='manual__2026-02-09T18:15:46.605755+00:00'
[2026-02-09T18:15:49.200+0000] {taskinstance.py:731} INFO - ::endgroup::
[2026-02-09T18:15:49.202+0000] {logging_mixin.py:190} INFO - Fetching data for NVDA...
[2026-02-09T18:15:49.764+0000] {logging_mixin.py:190} WARNING - [*********************100%***********************]  1 of 1 completed
[2026-02-09T18:15:49.787+0000] {base.py:84} INFO - Retrieving connection 'minio_s3_conn'
[2026-02-09T18:15:49.788+0000] {connection_wrapper.py:388} INFO - AWS Connection (conn_id='minio_s3_conn', conn_type='aws') credentials retrieved from login and password.
[2026-02-09T18:15:50.110+0000] {python.py:240} INFO - Done. Returned value was: raw_data/NVDA_2026-02-09.csv
[2026-02-09T18:15:50.126+0000] {taskinstance.py:340} INFO - ::group::Post task execution logs
[2026-02-09T18:15:50.126+0000] {taskinstance.py:352} INFO - Marking task as SUCCESS. dag_id=stock_prediction_plus_visuals, task_id=fetch_stock_data, run_id=manual__2026-02-09T18:15:46.605755+00:00, execution_date=20260209T181546, start_date=20260209T181549, end_date=20260209T181550
[2026-02-09T18:15:50.164+0000] {local_task_job_runner.py:266} INFO - Task exited with return code 0
[2026-02-09T18:15:50.179+0000] {taskinstance.py:3900} INFO - 1 downstream tasks scheduled from follow-on schedule check
[2026-02-09T18:15:50.180+0000] {local_task_job_runner.py:245} INFO - ::endgroup::
