[2026-02-09T17:53:10.640+0000] {processor.py:186} INFO - Started process (PID=174) to work on /opt/airflow/dags/stock_prediction_dag.py
[2026-02-09T17:53:10.641+0000] {processor.py:914} INFO - Processing file /opt/airflow/dags/stock_prediction_dag.py for tasks to queue
[2026-02-09T17:53:10.643+0000] {logging_mixin.py:190} INFO - [2026-02-09T17:53:10.643+0000] {dagbag.py:588} INFO - Filling up the DagBag from /opt/airflow/dags/stock_prediction_dag.py
[2026-02-09T17:53:33.591+0000] {logging_mixin.py:190} INFO - [2026-02-09T17:53:33.561+0000] {dagbag.py:387} ERROR - Failed to import: /opt/airflow/dags/stock_prediction_dag.py
Traceback (most recent call last):
  File "/home/airflow/.local/lib/python3.12/site-packages/airflow/models/dagbag.py", line 383, in parse
    loader.exec_module(new_module)
  File "<frozen importlib._bootstrap_external>", line 995, in exec_module
  File "<frozen importlib._bootstrap>", line 488, in _call_with_frames_removed
  File "/opt/airflow/dags/stock_prediction_dag.py", line 10, in <module>
    import matplotlib.pyplot as plt
ModuleNotFoundError: No module named 'matplotlib'
[2026-02-09T17:53:33.592+0000] {processor.py:927} WARNING - No viable dags retrieved from /opt/airflow/dags/stock_prediction_dag.py
[2026-02-09T17:53:33.614+0000] {processor.py:208} INFO - Processing /opt/airflow/dags/stock_prediction_dag.py took 22.989 seconds
[2026-02-09T17:54:03.807+0000] {processor.py:186} INFO - Started process (PID=207) to work on /opt/airflow/dags/stock_prediction_dag.py
[2026-02-09T17:54:03.808+0000] {processor.py:914} INFO - Processing file /opt/airflow/dags/stock_prediction_dag.py for tasks to queue
[2026-02-09T17:54:03.810+0000] {logging_mixin.py:190} INFO - [2026-02-09T17:54:03.810+0000] {dagbag.py:588} INFO - Filling up the DagBag from /opt/airflow/dags/stock_prediction_dag.py
[2026-02-09T17:54:05.316+0000] {logging_mixin.py:190} INFO - [2026-02-09T17:54:05.314+0000] {dagbag.py:387} ERROR - Failed to import: /opt/airflow/dags/stock_prediction_dag.py
Traceback (most recent call last):
  File "/home/airflow/.local/lib/python3.12/site-packages/airflow/models/dagbag.py", line 383, in parse
    loader.exec_module(new_module)
  File "<frozen importlib._bootstrap_external>", line 995, in exec_module
  File "<frozen importlib._bootstrap>", line 488, in _call_with_frames_removed
  File "/opt/airflow/dags/stock_prediction_dag.py", line 10, in <module>
    import matplotlib.pyplot as plt
ModuleNotFoundError: No module named 'matplotlib'
[2026-02-09T17:54:05.317+0000] {processor.py:927} WARNING - No viable dags retrieved from /opt/airflow/dags/stock_prediction_dag.py
[2026-02-09T17:54:05.329+0000] {processor.py:208} INFO - Processing /opt/airflow/dags/stock_prediction_dag.py took 1.527 seconds
[2026-02-09T17:54:35.478+0000] {processor.py:186} INFO - Started process (PID=215) to work on /opt/airflow/dags/stock_prediction_dag.py
[2026-02-09T17:54:35.479+0000] {processor.py:914} INFO - Processing file /opt/airflow/dags/stock_prediction_dag.py for tasks to queue
[2026-02-09T17:54:35.480+0000] {logging_mixin.py:190} INFO - [2026-02-09T17:54:35.480+0000] {dagbag.py:588} INFO - Filling up the DagBag from /opt/airflow/dags/stock_prediction_dag.py
[2026-02-09T17:54:36.906+0000] {logging_mixin.py:190} INFO - [2026-02-09T17:54:36.905+0000] {dagbag.py:387} ERROR - Failed to import: /opt/airflow/dags/stock_prediction_dag.py
Traceback (most recent call last):
  File "/home/airflow/.local/lib/python3.12/site-packages/airflow/models/dagbag.py", line 383, in parse
    loader.exec_module(new_module)
  File "<frozen importlib._bootstrap_external>", line 995, in exec_module
  File "<frozen importlib._bootstrap>", line 488, in _call_with_frames_removed
  File "/opt/airflow/dags/stock_prediction_dag.py", line 10, in <module>
    import matplotlib.pyplot as plt
ModuleNotFoundError: No module named 'matplotlib'
[2026-02-09T17:54:36.907+0000] {processor.py:927} WARNING - No viable dags retrieved from /opt/airflow/dags/stock_prediction_dag.py
[2026-02-09T17:54:36.917+0000] {processor.py:208} INFO - Processing /opt/airflow/dags/stock_prediction_dag.py took 1.444 seconds
[2026-02-09T17:55:07.063+0000] {processor.py:186} INFO - Started process (PID=223) to work on /opt/airflow/dags/stock_prediction_dag.py
[2026-02-09T17:55:07.063+0000] {processor.py:914} INFO - Processing file /opt/airflow/dags/stock_prediction_dag.py for tasks to queue
[2026-02-09T17:55:07.064+0000] {logging_mixin.py:190} INFO - [2026-02-09T17:55:07.064+0000] {dagbag.py:588} INFO - Filling up the DagBag from /opt/airflow/dags/stock_prediction_dag.py
[2026-02-09T17:55:08.447+0000] {logging_mixin.py:190} INFO - [2026-02-09T17:55:08.445+0000] {dagbag.py:387} ERROR - Failed to import: /opt/airflow/dags/stock_prediction_dag.py
Traceback (most recent call last):
  File "/home/airflow/.local/lib/python3.12/site-packages/airflow/models/dagbag.py", line 383, in parse
    loader.exec_module(new_module)
  File "<frozen importlib._bootstrap_external>", line 995, in exec_module
  File "<frozen importlib._bootstrap>", line 488, in _call_with_frames_removed
  File "/opt/airflow/dags/stock_prediction_dag.py", line 10, in <module>
    import matplotlib.pyplot as plt
ModuleNotFoundError: No module named 'matplotlib'
[2026-02-09T17:55:08.447+0000] {processor.py:927} WARNING - No viable dags retrieved from /opt/airflow/dags/stock_prediction_dag.py
[2026-02-09T17:55:08.462+0000] {processor.py:208} INFO - Processing /opt/airflow/dags/stock_prediction_dag.py took 1.405 seconds
[2026-02-09T17:55:38.607+0000] {processor.py:186} INFO - Started process (PID=231) to work on /opt/airflow/dags/stock_prediction_dag.py
[2026-02-09T17:55:38.608+0000] {processor.py:914} INFO - Processing file /opt/airflow/dags/stock_prediction_dag.py for tasks to queue
[2026-02-09T17:55:38.609+0000] {logging_mixin.py:190} INFO - [2026-02-09T17:55:38.609+0000] {dagbag.py:588} INFO - Filling up the DagBag from /opt/airflow/dags/stock_prediction_dag.py
[2026-02-09T17:55:39.952+0000] {logging_mixin.py:190} INFO - [2026-02-09T17:55:39.951+0000] {dagbag.py:387} ERROR - Failed to import: /opt/airflow/dags/stock_prediction_dag.py
Traceback (most recent call last):
  File "/home/airflow/.local/lib/python3.12/site-packages/airflow/models/dagbag.py", line 383, in parse
    loader.exec_module(new_module)
  File "<frozen importlib._bootstrap_external>", line 995, in exec_module
  File "<frozen importlib._bootstrap>", line 488, in _call_with_frames_removed
  File "/opt/airflow/dags/stock_prediction_dag.py", line 10, in <module>
    import matplotlib.pyplot as plt
ModuleNotFoundError: No module named 'matplotlib'
[2026-02-09T17:55:39.952+0000] {processor.py:927} WARNING - No viable dags retrieved from /opt/airflow/dags/stock_prediction_dag.py
[2026-02-09T17:55:39.963+0000] {processor.py:208} INFO - Processing /opt/airflow/dags/stock_prediction_dag.py took 1.361 seconds
[2026-02-09T17:56:10.108+0000] {processor.py:186} INFO - Started process (PID=239) to work on /opt/airflow/dags/stock_prediction_dag.py
[2026-02-09T17:56:10.109+0000] {processor.py:914} INFO - Processing file /opt/airflow/dags/stock_prediction_dag.py for tasks to queue
[2026-02-09T17:56:10.110+0000] {logging_mixin.py:190} INFO - [2026-02-09T17:56:10.109+0000] {dagbag.py:588} INFO - Filling up the DagBag from /opt/airflow/dags/stock_prediction_dag.py
[2026-02-09T17:56:11.584+0000] {logging_mixin.py:190} INFO - [2026-02-09T17:56:11.583+0000] {dagbag.py:387} ERROR - Failed to import: /opt/airflow/dags/stock_prediction_dag.py
Traceback (most recent call last):
  File "/home/airflow/.local/lib/python3.12/site-packages/airflow/models/dagbag.py", line 383, in parse
    loader.exec_module(new_module)
  File "<frozen importlib._bootstrap_external>", line 995, in exec_module
  File "<frozen importlib._bootstrap>", line 488, in _call_with_frames_removed
  File "/opt/airflow/dags/stock_prediction_dag.py", line 10, in <module>
    import matplotlib.pyplot as plt
ModuleNotFoundError: No module named 'matplotlib'
[2026-02-09T17:56:11.584+0000] {processor.py:927} WARNING - No viable dags retrieved from /opt/airflow/dags/stock_prediction_dag.py
[2026-02-09T17:56:11.598+0000] {processor.py:208} INFO - Processing /opt/airflow/dags/stock_prediction_dag.py took 1.495 seconds
[2026-02-09T17:56:41.741+0000] {processor.py:186} INFO - Started process (PID=247) to work on /opt/airflow/dags/stock_prediction_dag.py
[2026-02-09T17:56:41.742+0000] {processor.py:914} INFO - Processing file /opt/airflow/dags/stock_prediction_dag.py for tasks to queue
[2026-02-09T17:56:41.743+0000] {logging_mixin.py:190} INFO - [2026-02-09T17:56:41.743+0000] {dagbag.py:588} INFO - Filling up the DagBag from /opt/airflow/dags/stock_prediction_dag.py
[2026-02-09T17:56:43.144+0000] {logging_mixin.py:190} INFO - [2026-02-09T17:56:43.143+0000] {dagbag.py:387} ERROR - Failed to import: /opt/airflow/dags/stock_prediction_dag.py
Traceback (most recent call last):
  File "/home/airflow/.local/lib/python3.12/site-packages/airflow/models/dagbag.py", line 383, in parse
    loader.exec_module(new_module)
  File "<frozen importlib._bootstrap_external>", line 995, in exec_module
  File "<frozen importlib._bootstrap>", line 488, in _call_with_frames_removed
  File "/opt/airflow/dags/stock_prediction_dag.py", line 10, in <module>
    import matplotlib.pyplot as plt
ModuleNotFoundError: No module named 'matplotlib'
[2026-02-09T17:56:43.144+0000] {processor.py:927} WARNING - No viable dags retrieved from /opt/airflow/dags/stock_prediction_dag.py
[2026-02-09T17:56:43.158+0000] {processor.py:208} INFO - Processing /opt/airflow/dags/stock_prediction_dag.py took 1.421 seconds
[2026-02-09T17:57:13.334+0000] {processor.py:186} INFO - Started process (PID=261) to work on /opt/airflow/dags/stock_prediction_dag.py
[2026-02-09T17:57:13.335+0000] {processor.py:914} INFO - Processing file /opt/airflow/dags/stock_prediction_dag.py for tasks to queue
[2026-02-09T17:57:13.336+0000] {logging_mixin.py:190} INFO - [2026-02-09T17:57:13.335+0000] {dagbag.py:588} INFO - Filling up the DagBag from /opt/airflow/dags/stock_prediction_dag.py
[2026-02-09T17:57:14.841+0000] {logging_mixin.py:190} INFO - [2026-02-09T17:57:14.840+0000] {dagbag.py:387} ERROR - Failed to import: /opt/airflow/dags/stock_prediction_dag.py
Traceback (most recent call last):
  File "/home/airflow/.local/lib/python3.12/site-packages/airflow/models/dagbag.py", line 383, in parse
    loader.exec_module(new_module)
  File "<frozen importlib._bootstrap_external>", line 995, in exec_module
  File "<frozen importlib._bootstrap>", line 488, in _call_with_frames_removed
  File "/opt/airflow/dags/stock_prediction_dag.py", line 10, in <module>
    import matplotlib.pyplot as plt
ModuleNotFoundError: No module named 'matplotlib'
[2026-02-09T17:57:14.841+0000] {processor.py:927} WARNING - No viable dags retrieved from /opt/airflow/dags/stock_prediction_dag.py
[2026-02-09T17:57:14.852+0000] {processor.py:208} INFO - Processing /opt/airflow/dags/stock_prediction_dag.py took 1.524 seconds
[2026-02-09T17:57:45.015+0000] {processor.py:186} INFO - Started process (PID=269) to work on /opt/airflow/dags/stock_prediction_dag.py
[2026-02-09T17:57:45.016+0000] {processor.py:914} INFO - Processing file /opt/airflow/dags/stock_prediction_dag.py for tasks to queue
[2026-02-09T17:57:45.017+0000] {logging_mixin.py:190} INFO - [2026-02-09T17:57:45.017+0000] {dagbag.py:588} INFO - Filling up the DagBag from /opt/airflow/dags/stock_prediction_dag.py
[2026-02-09T17:57:46.425+0000] {logging_mixin.py:190} INFO - [2026-02-09T17:57:46.424+0000] {dagbag.py:387} ERROR - Failed to import: /opt/airflow/dags/stock_prediction_dag.py
Traceback (most recent call last):
  File "/home/airflow/.local/lib/python3.12/site-packages/airflow/models/dagbag.py", line 383, in parse
    loader.exec_module(new_module)
  File "<frozen importlib._bootstrap_external>", line 995, in exec_module
  File "<frozen importlib._bootstrap>", line 488, in _call_with_frames_removed
  File "/opt/airflow/dags/stock_prediction_dag.py", line 10, in <module>
    import matplotlib.pyplot as plt
ModuleNotFoundError: No module named 'matplotlib'
[2026-02-09T17:57:46.426+0000] {processor.py:927} WARNING - No viable dags retrieved from /opt/airflow/dags/stock_prediction_dag.py
[2026-02-09T17:57:46.437+0000] {processor.py:208} INFO - Processing /opt/airflow/dags/stock_prediction_dag.py took 1.427 seconds
[2026-02-09T17:58:16.583+0000] {processor.py:186} INFO - Started process (PID=277) to work on /opt/airflow/dags/stock_prediction_dag.py
[2026-02-09T17:58:16.583+0000] {processor.py:914} INFO - Processing file /opt/airflow/dags/stock_prediction_dag.py for tasks to queue
[2026-02-09T17:58:16.584+0000] {logging_mixin.py:190} INFO - [2026-02-09T17:58:16.584+0000] {dagbag.py:588} INFO - Filling up the DagBag from /opt/airflow/dags/stock_prediction_dag.py
[2026-02-09T17:58:18.006+0000] {logging_mixin.py:190} INFO - [2026-02-09T17:58:18.005+0000] {dagbag.py:387} ERROR - Failed to import: /opt/airflow/dags/stock_prediction_dag.py
Traceback (most recent call last):
  File "/home/airflow/.local/lib/python3.12/site-packages/airflow/models/dagbag.py", line 383, in parse
    loader.exec_module(new_module)
  File "<frozen importlib._bootstrap_external>", line 995, in exec_module
  File "<frozen importlib._bootstrap>", line 488, in _call_with_frames_removed
  File "/opt/airflow/dags/stock_prediction_dag.py", line 10, in <module>
    import matplotlib.pyplot as plt
ModuleNotFoundError: No module named 'matplotlib'
[2026-02-09T17:58:18.006+0000] {processor.py:927} WARNING - No viable dags retrieved from /opt/airflow/dags/stock_prediction_dag.py
[2026-02-09T17:58:18.017+0000] {processor.py:208} INFO - Processing /opt/airflow/dags/stock_prediction_dag.py took 1.440 seconds
[2026-02-09T17:58:48.157+0000] {processor.py:186} INFO - Started process (PID=285) to work on /opt/airflow/dags/stock_prediction_dag.py
[2026-02-09T17:58:48.157+0000] {processor.py:914} INFO - Processing file /opt/airflow/dags/stock_prediction_dag.py for tasks to queue
[2026-02-09T17:58:48.158+0000] {logging_mixin.py:190} INFO - [2026-02-09T17:58:48.158+0000] {dagbag.py:588} INFO - Filling up the DagBag from /opt/airflow/dags/stock_prediction_dag.py
[2026-02-09T17:58:49.644+0000] {logging_mixin.py:190} INFO - [2026-02-09T17:58:49.643+0000] {dagbag.py:387} ERROR - Failed to import: /opt/airflow/dags/stock_prediction_dag.py
Traceback (most recent call last):
  File "/home/airflow/.local/lib/python3.12/site-packages/airflow/models/dagbag.py", line 383, in parse
    loader.exec_module(new_module)
  File "<frozen importlib._bootstrap_external>", line 995, in exec_module
  File "<frozen importlib._bootstrap>", line 488, in _call_with_frames_removed
  File "/opt/airflow/dags/stock_prediction_dag.py", line 10, in <module>
    import matplotlib.pyplot as plt
ModuleNotFoundError: No module named 'matplotlib'
[2026-02-09T17:58:49.645+0000] {processor.py:927} WARNING - No viable dags retrieved from /opt/airflow/dags/stock_prediction_dag.py
[2026-02-09T17:58:49.656+0000] {processor.py:208} INFO - Processing /opt/airflow/dags/stock_prediction_dag.py took 1.504 seconds
[2026-02-09T17:59:19.797+0000] {processor.py:186} INFO - Started process (PID=293) to work on /opt/airflow/dags/stock_prediction_dag.py
[2026-02-09T17:59:19.797+0000] {processor.py:914} INFO - Processing file /opt/airflow/dags/stock_prediction_dag.py for tasks to queue
[2026-02-09T17:59:19.798+0000] {logging_mixin.py:190} INFO - [2026-02-09T17:59:19.798+0000] {dagbag.py:588} INFO - Filling up the DagBag from /opt/airflow/dags/stock_prediction_dag.py
[2026-02-09T17:59:21.146+0000] {logging_mixin.py:190} INFO - [2026-02-09T17:59:21.145+0000] {dagbag.py:387} ERROR - Failed to import: /opt/airflow/dags/stock_prediction_dag.py
Traceback (most recent call last):
  File "/home/airflow/.local/lib/python3.12/site-packages/airflow/models/dagbag.py", line 383, in parse
    loader.exec_module(new_module)
  File "<frozen importlib._bootstrap_external>", line 995, in exec_module
  File "<frozen importlib._bootstrap>", line 488, in _call_with_frames_removed
  File "/opt/airflow/dags/stock_prediction_dag.py", line 10, in <module>
    import matplotlib.pyplot as plt
ModuleNotFoundError: No module named 'matplotlib'
[2026-02-09T17:59:21.147+0000] {processor.py:927} WARNING - No viable dags retrieved from /opt/airflow/dags/stock_prediction_dag.py
[2026-02-09T17:59:21.158+0000] {processor.py:208} INFO - Processing /opt/airflow/dags/stock_prediction_dag.py took 1.366 seconds
[2026-02-09T17:59:51.309+0000] {processor.py:186} INFO - Started process (PID=301) to work on /opt/airflow/dags/stock_prediction_dag.py
[2026-02-09T17:59:51.309+0000] {processor.py:914} INFO - Processing file /opt/airflow/dags/stock_prediction_dag.py for tasks to queue
[2026-02-09T17:59:51.310+0000] {logging_mixin.py:190} INFO - [2026-02-09T17:59:51.310+0000] {dagbag.py:588} INFO - Filling up the DagBag from /opt/airflow/dags/stock_prediction_dag.py
[2026-02-09T17:59:52.694+0000] {logging_mixin.py:190} INFO - [2026-02-09T17:59:52.693+0000] {dagbag.py:387} ERROR - Failed to import: /opt/airflow/dags/stock_prediction_dag.py
Traceback (most recent call last):
  File "/home/airflow/.local/lib/python3.12/site-packages/airflow/models/dagbag.py", line 383, in parse
    loader.exec_module(new_module)
  File "<frozen importlib._bootstrap_external>", line 995, in exec_module
  File "<frozen importlib._bootstrap>", line 488, in _call_with_frames_removed
  File "/opt/airflow/dags/stock_prediction_dag.py", line 10, in <module>
    import matplotlib.pyplot as plt
ModuleNotFoundError: No module named 'matplotlib'
[2026-02-09T17:59:52.695+0000] {processor.py:927} WARNING - No viable dags retrieved from /opt/airflow/dags/stock_prediction_dag.py
[2026-02-09T17:59:52.706+0000] {processor.py:208} INFO - Processing /opt/airflow/dags/stock_prediction_dag.py took 1.402 seconds
[2026-02-09T18:00:22.848+0000] {processor.py:186} INFO - Started process (PID=316) to work on /opt/airflow/dags/stock_prediction_dag.py
[2026-02-09T18:00:22.849+0000] {processor.py:914} INFO - Processing file /opt/airflow/dags/stock_prediction_dag.py for tasks to queue
[2026-02-09T18:00:22.850+0000] {logging_mixin.py:190} INFO - [2026-02-09T18:00:22.849+0000] {dagbag.py:588} INFO - Filling up the DagBag from /opt/airflow/dags/stock_prediction_dag.py
[2026-02-09T18:00:24.519+0000] {logging_mixin.py:190} INFO - [2026-02-09T18:00:24.517+0000] {dagbag.py:387} ERROR - Failed to import: /opt/airflow/dags/stock_prediction_dag.py
Traceback (most recent call last):
  File "/home/airflow/.local/lib/python3.12/site-packages/airflow/models/dagbag.py", line 383, in parse
    loader.exec_module(new_module)
  File "<frozen importlib._bootstrap_external>", line 995, in exec_module
  File "<frozen importlib._bootstrap>", line 488, in _call_with_frames_removed
  File "/opt/airflow/dags/stock_prediction_dag.py", line 10, in <module>
    import matplotlib.pyplot as plt
ModuleNotFoundError: No module named 'matplotlib'
[2026-02-09T18:00:24.519+0000] {processor.py:927} WARNING - No viable dags retrieved from /opt/airflow/dags/stock_prediction_dag.py
[2026-02-09T18:00:24.534+0000] {processor.py:208} INFO - Processing /opt/airflow/dags/stock_prediction_dag.py took 1.691 seconds
[2026-02-09T18:00:54.595+0000] {processor.py:186} INFO - Started process (PID=324) to work on /opt/airflow/dags/stock_prediction_dag.py
[2026-02-09T18:00:54.595+0000] {processor.py:914} INFO - Processing file /opt/airflow/dags/stock_prediction_dag.py for tasks to queue
[2026-02-09T18:00:54.596+0000] {logging_mixin.py:190} INFO - [2026-02-09T18:00:54.596+0000] {dagbag.py:588} INFO - Filling up the DagBag from /opt/airflow/dags/stock_prediction_dag.py
[2026-02-09T18:00:56.123+0000] {logging_mixin.py:190} INFO - [2026-02-09T18:00:56.122+0000] {dagbag.py:387} ERROR - Failed to import: /opt/airflow/dags/stock_prediction_dag.py
Traceback (most recent call last):
  File "/home/airflow/.local/lib/python3.12/site-packages/airflow/models/dagbag.py", line 383, in parse
    loader.exec_module(new_module)
  File "<frozen importlib._bootstrap_external>", line 995, in exec_module
  File "<frozen importlib._bootstrap>", line 488, in _call_with_frames_removed
  File "/opt/airflow/dags/stock_prediction_dag.py", line 10, in <module>
    import matplotlib.pyplot as plt
ModuleNotFoundError: No module named 'matplotlib'
[2026-02-09T18:00:56.124+0000] {processor.py:927} WARNING - No viable dags retrieved from /opt/airflow/dags/stock_prediction_dag.py
[2026-02-09T18:00:56.135+0000] {processor.py:208} INFO - Processing /opt/airflow/dags/stock_prediction_dag.py took 1.545 seconds
[2026-02-09T18:01:26.280+0000] {processor.py:186} INFO - Started process (PID=332) to work on /opt/airflow/dags/stock_prediction_dag.py
[2026-02-09T18:01:26.281+0000] {processor.py:914} INFO - Processing file /opt/airflow/dags/stock_prediction_dag.py for tasks to queue
[2026-02-09T18:01:26.282+0000] {logging_mixin.py:190} INFO - [2026-02-09T18:01:26.282+0000] {dagbag.py:588} INFO - Filling up the DagBag from /opt/airflow/dags/stock_prediction_dag.py
[2026-02-09T18:01:27.758+0000] {logging_mixin.py:190} INFO - [2026-02-09T18:01:27.757+0000] {dagbag.py:387} ERROR - Failed to import: /opt/airflow/dags/stock_prediction_dag.py
Traceback (most recent call last):
  File "/home/airflow/.local/lib/python3.12/site-packages/airflow/models/dagbag.py", line 383, in parse
    loader.exec_module(new_module)
  File "<frozen importlib._bootstrap_external>", line 995, in exec_module
  File "<frozen importlib._bootstrap>", line 488, in _call_with_frames_removed
  File "/opt/airflow/dags/stock_prediction_dag.py", line 10, in <module>
    import matplotlib.pyplot as plt
ModuleNotFoundError: No module named 'matplotlib'
[2026-02-09T18:01:27.759+0000] {processor.py:927} WARNING - No viable dags retrieved from /opt/airflow/dags/stock_prediction_dag.py
[2026-02-09T18:01:27.774+0000] {processor.py:208} INFO - Processing /opt/airflow/dags/stock_prediction_dag.py took 1.499 seconds
[2026-02-09T18:01:57.959+0000] {processor.py:186} INFO - Started process (PID=340) to work on /opt/airflow/dags/stock_prediction_dag.py
[2026-02-09T18:01:57.960+0000] {processor.py:914} INFO - Processing file /opt/airflow/dags/stock_prediction_dag.py for tasks to queue
[2026-02-09T18:01:57.961+0000] {logging_mixin.py:190} INFO - [2026-02-09T18:01:57.961+0000] {dagbag.py:588} INFO - Filling up the DagBag from /opt/airflow/dags/stock_prediction_dag.py
[2026-02-09T18:01:59.383+0000] {logging_mixin.py:190} INFO - [2026-02-09T18:01:59.382+0000] {dagbag.py:387} ERROR - Failed to import: /opt/airflow/dags/stock_prediction_dag.py
Traceback (most recent call last):
  File "/home/airflow/.local/lib/python3.12/site-packages/airflow/models/dagbag.py", line 383, in parse
    loader.exec_module(new_module)
  File "<frozen importlib._bootstrap_external>", line 995, in exec_module
  File "<frozen importlib._bootstrap>", line 488, in _call_with_frames_removed
  File "/opt/airflow/dags/stock_prediction_dag.py", line 10, in <module>
    import matplotlib.pyplot as plt
ModuleNotFoundError: No module named 'matplotlib'
[2026-02-09T18:01:59.383+0000] {processor.py:927} WARNING - No viable dags retrieved from /opt/airflow/dags/stock_prediction_dag.py
[2026-02-09T18:01:59.395+0000] {processor.py:208} INFO - Processing /opt/airflow/dags/stock_prediction_dag.py took 1.441 seconds
[2026-02-09T18:02:29.545+0000] {processor.py:186} INFO - Started process (PID=348) to work on /opt/airflow/dags/stock_prediction_dag.py
[2026-02-09T18:02:29.545+0000] {processor.py:914} INFO - Processing file /opt/airflow/dags/stock_prediction_dag.py for tasks to queue
[2026-02-09T18:02:29.547+0000] {logging_mixin.py:190} INFO - [2026-02-09T18:02:29.546+0000] {dagbag.py:588} INFO - Filling up the DagBag from /opt/airflow/dags/stock_prediction_dag.py
[2026-02-09T18:02:30.991+0000] {logging_mixin.py:190} INFO - [2026-02-09T18:02:30.990+0000] {dagbag.py:387} ERROR - Failed to import: /opt/airflow/dags/stock_prediction_dag.py
Traceback (most recent call last):
  File "/home/airflow/.local/lib/python3.12/site-packages/airflow/models/dagbag.py", line 383, in parse
    loader.exec_module(new_module)
  File "<frozen importlib._bootstrap_external>", line 995, in exec_module
  File "<frozen importlib._bootstrap>", line 488, in _call_with_frames_removed
  File "/opt/airflow/dags/stock_prediction_dag.py", line 10, in <module>
    import matplotlib.pyplot as plt
ModuleNotFoundError: No module named 'matplotlib'
[2026-02-09T18:02:30.992+0000] {processor.py:927} WARNING - No viable dags retrieved from /opt/airflow/dags/stock_prediction_dag.py
[2026-02-09T18:02:31.004+0000] {processor.py:208} INFO - Processing /opt/airflow/dags/stock_prediction_dag.py took 1.464 seconds
[2026-02-09T18:03:01.153+0000] {processor.py:186} INFO - Started process (PID=356) to work on /opt/airflow/dags/stock_prediction_dag.py
[2026-02-09T18:03:01.154+0000] {processor.py:914} INFO - Processing file /opt/airflow/dags/stock_prediction_dag.py for tasks to queue
[2026-02-09T18:03:01.155+0000] {logging_mixin.py:190} INFO - [2026-02-09T18:03:01.155+0000] {dagbag.py:588} INFO - Filling up the DagBag from /opt/airflow/dags/stock_prediction_dag.py
[2026-02-09T18:03:02.654+0000] {logging_mixin.py:190} INFO - [2026-02-09T18:03:02.653+0000] {dagbag.py:387} ERROR - Failed to import: /opt/airflow/dags/stock_prediction_dag.py
Traceback (most recent call last):
  File "/home/airflow/.local/lib/python3.12/site-packages/airflow/models/dagbag.py", line 383, in parse
    loader.exec_module(new_module)
  File "<frozen importlib._bootstrap_external>", line 995, in exec_module
  File "<frozen importlib._bootstrap>", line 488, in _call_with_frames_removed
  File "/opt/airflow/dags/stock_prediction_dag.py", line 10, in <module>
    import matplotlib.pyplot as plt
ModuleNotFoundError: No module named 'matplotlib'
[2026-02-09T18:03:02.655+0000] {processor.py:927} WARNING - No viable dags retrieved from /opt/airflow/dags/stock_prediction_dag.py
[2026-02-09T18:03:02.667+0000] {processor.py:208} INFO - Processing /opt/airflow/dags/stock_prediction_dag.py took 1.519 seconds
[2026-02-09T18:03:32.816+0000] {processor.py:186} INFO - Started process (PID=364) to work on /opt/airflow/dags/stock_prediction_dag.py
[2026-02-09T18:03:32.817+0000] {processor.py:914} INFO - Processing file /opt/airflow/dags/stock_prediction_dag.py for tasks to queue
[2026-02-09T18:03:32.818+0000] {logging_mixin.py:190} INFO - [2026-02-09T18:03:32.818+0000] {dagbag.py:588} INFO - Filling up the DagBag from /opt/airflow/dags/stock_prediction_dag.py
[2026-02-09T18:03:34.341+0000] {logging_mixin.py:190} INFO - [2026-02-09T18:03:34.340+0000] {dagbag.py:387} ERROR - Failed to import: /opt/airflow/dags/stock_prediction_dag.py
Traceback (most recent call last):
  File "/home/airflow/.local/lib/python3.12/site-packages/airflow/models/dagbag.py", line 383, in parse
    loader.exec_module(new_module)
  File "<frozen importlib._bootstrap_external>", line 995, in exec_module
  File "<frozen importlib._bootstrap>", line 488, in _call_with_frames_removed
  File "/opt/airflow/dags/stock_prediction_dag.py", line 10, in <module>
    import matplotlib.pyplot as plt
ModuleNotFoundError: No module named 'matplotlib'
[2026-02-09T18:03:34.342+0000] {processor.py:927} WARNING - No viable dags retrieved from /opt/airflow/dags/stock_prediction_dag.py
[2026-02-09T18:03:34.353+0000] {processor.py:208} INFO - Processing /opt/airflow/dags/stock_prediction_dag.py took 1.542 seconds
