[2026-02-07T13:22:30.555+0000] {manager.py:483} INFO - Processing files using up to 2 processes at a time 
[2026-02-07T13:22:30.556+0000] {manager.py:484} INFO - Process each file at most once every 30 seconds
[2026-02-07T13:22:30.556+0000] {manager.py:485} INFO - Checking for new files in /opt/airflow/dags every 300 seconds
[2026-02-07T13:22:30.557+0000] {manager.py:821} INFO - Searching for files in /opt/airflow/dags
[2026-02-07T13:22:30.558+0000] {manager.py:824} INFO - There are 1 files in /opt/airflow/dags
[2026-02-07T13:22:31.283+0000] {manager.py:997} INFO - 
================================================================================
DAG File Processing Stats

File Path                                    PID  Runtime      # DAGs    # Errors  Last Runtime    Last Run      Last # of DB Queries
-----------------------------------------  -----  ---------  --------  ----------  --------------  ----------  ----------------------
/opt/airflow/dags/stock_prediction_dag.py    172  0.03s             0           0                                                   0
================================================================================
[2026-02-07T13:23:01.430+0000] {manager.py:997} INFO - 
================================================================================
DAG File Processing Stats

File Path                                  PID    Runtime      # DAGs    # Errors  Last Runtime    Last Run               Last # of DB Queries
-----------------------------------------  -----  ---------  --------  ----------  --------------  -------------------  ----------------------
/opt/airflow/dags/stock_prediction_dag.py                           1           0  6.77s           2026-02-07T13:22:38                      45
================================================================================
[2026-02-07T13:23:31.550+0000] {manager.py:997} INFO - 
================================================================================
DAG File Processing Stats

File Path                                  PID    Runtime      # DAGs    # Errors  Last Runtime    Last Run               Last # of DB Queries
-----------------------------------------  -----  ---------  --------  ----------  --------------  -------------------  ----------------------
/opt/airflow/dags/stock_prediction_dag.py                           1           0  2.01s           2026-02-07T13:23:10                      12
================================================================================
[2026-02-07T13:24:01.673+0000] {manager.py:997} INFO - 
================================================================================
DAG File Processing Stats

File Path                                  PID    Runtime      # DAGs    # Errors  Last Runtime    Last Run               Last # of DB Queries
-----------------------------------------  -----  ---------  --------  ----------  --------------  -------------------  ----------------------
/opt/airflow/dags/stock_prediction_dag.py                           1           0  1.53s           2026-02-07T13:23:41                      12
================================================================================
[2026-02-07T13:24:32.029+0000] {manager.py:997} INFO - 
================================================================================
DAG File Processing Stats

File Path                                  PID    Runtime      # DAGs    # Errors  Last Runtime    Last Run               Last # of DB Queries
-----------------------------------------  -----  ---------  --------  ----------  --------------  -------------------  ----------------------
/opt/airflow/dags/stock_prediction_dag.py                           1           0  2.05s           2026-02-07T13:24:13                      12
================================================================================
[2026-02-07T13:25:02.161+0000] {manager.py:997} INFO - 
================================================================================
DAG File Processing Stats

File Path                                  PID    Runtime      # DAGs    # Errors  Last Runtime    Last Run               Last # of DB Queries
-----------------------------------------  -----  ---------  --------  ----------  --------------  -------------------  ----------------------
/opt/airflow/dags/stock_prediction_dag.py                           1           0  1.60s           2026-02-07T13:24:45                      12
================================================================================
[2026-02-07T13:25:32.286+0000] {manager.py:997} INFO - 
================================================================================
DAG File Processing Stats

File Path                                  PID    Runtime      # DAGs    # Errors  Last Runtime    Last Run               Last # of DB Queries
-----------------------------------------  -----  ---------  --------  ----------  --------------  -------------------  ----------------------
/opt/airflow/dags/stock_prediction_dag.py                           1           0  1.48s           2026-02-07T13:25:17                      12
================================================================================
[2026-02-07T13:26:02.442+0000] {manager.py:997} INFO - 
================================================================================
DAG File Processing Stats

File Path                                  PID    Runtime      # DAGs    # Errors  Last Runtime    Last Run               Last # of DB Queries
-----------------------------------------  -----  ---------  --------  ----------  --------------  -------------------  ----------------------
/opt/airflow/dags/stock_prediction_dag.py                           1           0  1.42s           2026-02-07T13:25:48                      12
================================================================================
[2026-02-07T13:26:32.942+0000] {manager.py:997} INFO - 
================================================================================
DAG File Processing Stats

File Path                                  PID    Runtime      # DAGs    # Errors  Last Runtime    Last Run               Last # of DB Queries
-----------------------------------------  -----  ---------  --------  ----------  --------------  -------------------  ----------------------
/opt/airflow/dags/stock_prediction_dag.py                           1           0  1.44s           2026-02-07T13:26:20                      12
================================================================================
[2026-02-07T13:27:03.065+0000] {manager.py:997} INFO - 
================================================================================
DAG File Processing Stats

File Path                                  PID    Runtime      # DAGs    # Errors  Last Runtime    Last Run               Last # of DB Queries
-----------------------------------------  -----  ---------  --------  ----------  --------------  -------------------  ----------------------
/opt/airflow/dags/stock_prediction_dag.py                           1           0  1.61s           2026-02-07T13:26:52                      12
================================================================================
[2026-02-07T13:27:30.633+0000] {manager.py:821} INFO - Searching for files in /opt/airflow/dags
[2026-02-07T13:27:30.634+0000] {manager.py:824} INFO - There are 1 files in /opt/airflow/dags
[2026-02-07T13:27:33.214+0000] {manager.py:997} INFO - 
================================================================================
DAG File Processing Stats

File Path                                  PID    Runtime      # DAGs    # Errors  Last Runtime    Last Run               Last # of DB Queries
-----------------------------------------  -----  ---------  --------  ----------  --------------  -------------------  ----------------------
/opt/airflow/dags/stock_prediction_dag.py                           1           0  1.46s           2026-02-07T13:27:23                      12
================================================================================
[2026-02-07T13:28:03.224+0000] {manager.py:997} INFO - 
================================================================================
DAG File Processing Stats

File Path                                  PID    Runtime      # DAGs    # Errors  Last Runtime    Last Run               Last # of DB Queries
-----------------------------------------  -----  ---------  --------  ----------  --------------  -------------------  ----------------------
/opt/airflow/dags/stock_prediction_dag.py                           1           0  1.47s           2026-02-07T13:27:55                      12
================================================================================
[2026-02-07T13:28:33.346+0000] {manager.py:997} INFO - 
================================================================================
DAG File Processing Stats

File Path                                  PID    Runtime      # DAGs    # Errors  Last Runtime    Last Run               Last # of DB Queries
-----------------------------------------  -----  ---------  --------  ----------  --------------  -------------------  ----------------------
/opt/airflow/dags/stock_prediction_dag.py                           1           0  1.45s           2026-02-07T13:28:26                      12
================================================================================
[2026-02-07T13:29:03.462+0000] {manager.py:997} INFO - 
================================================================================
DAG File Processing Stats

File Path                                  PID    Runtime      # DAGs    # Errors  Last Runtime    Last Run               Last # of DB Queries
-----------------------------------------  -----  ---------  --------  ----------  --------------  -------------------  ----------------------
/opt/airflow/dags/stock_prediction_dag.py                           1           0  1.66s           2026-02-07T13:28:58                      12
================================================================================
[2026-02-07T13:29:33.663+0000] {manager.py:997} INFO - 
================================================================================
DAG File Processing Stats

File Path                                  PID    Runtime      # DAGs    # Errors  Last Runtime    Last Run               Last # of DB Queries
-----------------------------------------  -----  ---------  --------  ----------  --------------  -------------------  ----------------------
/opt/airflow/dags/stock_prediction_dag.py                           1           0  1.52s           2026-02-07T13:29:30                      12
================================================================================
[2026-02-07T13:30:03.763+0000] {manager.py:997} INFO - 
================================================================================
DAG File Processing Stats

File Path                                  PID    Runtime      # DAGs    # Errors  Last Runtime    Last Run               Last # of DB Queries
-----------------------------------------  -----  ---------  --------  ----------  --------------  -------------------  ----------------------
/opt/airflow/dags/stock_prediction_dag.py                           1           0  1.53s           2026-02-07T13:30:01                      12
================================================================================
[2026-02-07T13:30:33.889+0000] {manager.py:997} INFO - 
================================================================================
DAG File Processing Stats

File Path                                  PID    Runtime      # DAGs    # Errors  Last Runtime    Last Run               Last # of DB Queries
-----------------------------------------  -----  ---------  --------  ----------  --------------  -------------------  ----------------------
/opt/airflow/dags/stock_prediction_dag.py                           1           0  1.44s           2026-02-07T13:30:33                      12
================================================================================
[2026-02-07T13:31:04.008+0000] {manager.py:997} INFO - 
================================================================================
DAG File Processing Stats

File Path                                    PID  Runtime      # DAGs    # Errors  Last Runtime    Last Run               Last # of DB Queries
-----------------------------------------  -----  ---------  --------  ----------  --------------  -------------------  ----------------------
/opt/airflow/dags/stock_prediction_dag.py    319  0.58s             1           0  1.44s           2026-02-07T13:30:33                      12
================================================================================
[2026-02-07T13:31:34.069+0000] {manager.py:997} INFO - 
================================================================================
DAG File Processing Stats

File Path                                  PID    Runtime      # DAGs    # Errors  Last Runtime    Last Run               Last # of DB Queries
-----------------------------------------  -----  ---------  --------  ----------  --------------  -------------------  ----------------------
/opt/airflow/dags/stock_prediction_dag.py                           1           0  1.52s           2026-02-07T13:31:04                      12
================================================================================
[2026-02-07T13:32:04.696+0000] {manager.py:997} INFO - 
================================================================================
DAG File Processing Stats

File Path                                  PID    Runtime      # DAGs    # Errors  Last Runtime    Last Run               Last # of DB Queries
-----------------------------------------  -----  ---------  --------  ----------  --------------  -------------------  ----------------------
/opt/airflow/dags/stock_prediction_dag.py                           1           0  1.52s           2026-02-07T13:31:36                      12
================================================================================
[2026-02-07T13:32:30.804+0000] {manager.py:821} INFO - Searching for files in /opt/airflow/dags
[2026-02-07T13:32:30.805+0000] {manager.py:824} INFO - There are 1 files in /opt/airflow/dags
[2026-02-07T13:32:34.827+0000] {manager.py:997} INFO - 
================================================================================
DAG File Processing Stats

File Path                                  PID    Runtime      # DAGs    # Errors  Last Runtime    Last Run               Last # of DB Queries
-----------------------------------------  -----  ---------  --------  ----------  --------------  -------------------  ----------------------
/opt/airflow/dags/stock_prediction_dag.py                           1           0  1.48s           2026-02-07T13:32:08                      12
================================================================================
[2026-02-07T13:33:04.972+0000] {manager.py:997} INFO - 
================================================================================
DAG File Processing Stats

File Path                                  PID    Runtime      # DAGs    # Errors  Last Runtime    Last Run               Last # of DB Queries
-----------------------------------------  -----  ---------  --------  ----------  --------------  -------------------  ----------------------
/opt/airflow/dags/stock_prediction_dag.py                           1           0  1.84s           2026-02-07T13:32:40                      12
================================================================================
[2026-02-07T13:33:35.055+0000] {manager.py:997} INFO - 
================================================================================
DAG File Processing Stats

File Path                                  PID    Runtime      # DAGs    # Errors  Last Runtime    Last Run               Last # of DB Queries
-----------------------------------------  -----  ---------  --------  ----------  --------------  -------------------  ----------------------
/opt/airflow/dags/stock_prediction_dag.py                           1           0  1.71s           2026-02-07T13:33:11                      12
================================================================================
[2026-02-07T13:34:05.478+0000] {manager.py:997} INFO - 
================================================================================
DAG File Processing Stats

File Path                                  PID    Runtime      # DAGs    # Errors  Last Runtime    Last Run               Last # of DB Queries
-----------------------------------------  -----  ---------  --------  ----------  --------------  -------------------  ----------------------
/opt/airflow/dags/stock_prediction_dag.py                           1           0  1.50s           2026-02-07T13:33:43                      12
================================================================================
[2026-02-07T13:34:35.792+0000] {manager.py:997} INFO - 
================================================================================
DAG File Processing Stats

File Path                                  PID    Runtime      # DAGs    # Errors  Last Runtime    Last Run               Last # of DB Queries
-----------------------------------------  -----  ---------  --------  ----------  --------------  -------------------  ----------------------
/opt/airflow/dags/stock_prediction_dag.py                           1           0  1.54s           2026-02-07T13:34:15                      12
================================================================================
[2026-02-07T13:35:05.915+0000] {manager.py:997} INFO - 
================================================================================
DAG File Processing Stats

File Path                                  PID    Runtime      # DAGs    # Errors  Last Runtime    Last Run               Last # of DB Queries
-----------------------------------------  -----  ---------  --------  ----------  --------------  -------------------  ----------------------
/opt/airflow/dags/stock_prediction_dag.py                           1           0  1.49s           2026-02-07T13:34:46                      12
================================================================================
[2026-02-07T13:35:36.053+0000] {manager.py:997} INFO - 
================================================================================
DAG File Processing Stats

File Path                                  PID    Runtime      # DAGs    # Errors  Last Runtime    Last Run               Last # of DB Queries
-----------------------------------------  -----  ---------  --------  ----------  --------------  -------------------  ----------------------
/opt/airflow/dags/stock_prediction_dag.py                           1           0  1.44s           2026-02-07T13:35:18                      12
================================================================================
[2026-02-07T13:36:06.595+0000] {manager.py:997} INFO - 
================================================================================
DAG File Processing Stats

File Path                                  PID    Runtime      # DAGs    # Errors  Last Runtime    Last Run               Last # of DB Queries
-----------------------------------------  -----  ---------  --------  ----------  --------------  -------------------  ----------------------
/opt/airflow/dags/stock_prediction_dag.py                           1           0  1.47s           2026-02-07T13:35:49                      12
================================================================================
[2026-02-07T13:36:36.656+0000] {manager.py:997} INFO - 
================================================================================
DAG File Processing Stats

File Path                                  PID    Runtime      # DAGs    # Errors  Last Runtime    Last Run               Last # of DB Queries
-----------------------------------------  -----  ---------  --------  ----------  --------------  -------------------  ----------------------
/opt/airflow/dags/stock_prediction_dag.py                           1           0  1.50s           2026-02-07T13:36:21                      12
================================================================================
[2026-02-07T13:37:07.292+0000] {manager.py:997} INFO - 
================================================================================
DAG File Processing Stats

File Path                                  PID    Runtime      # DAGs    # Errors  Last Runtime    Last Run               Last # of DB Queries
-----------------------------------------  -----  ---------  --------  ----------  --------------  -------------------  ----------------------
/opt/airflow/dags/stock_prediction_dag.py                           1           0  1.63s           2026-02-07T13:36:53                      12
================================================================================
[2026-02-07T13:37:30.930+0000] {manager.py:821} INFO - Searching for files in /opt/airflow/dags
[2026-02-07T13:37:30.931+0000] {manager.py:824} INFO - There are 1 files in /opt/airflow/dags
[2026-02-07T13:37:37.532+0000] {manager.py:997} INFO - 
================================================================================
DAG File Processing Stats

File Path                                  PID    Runtime      # DAGs    # Errors  Last Runtime    Last Run               Last # of DB Queries
-----------------------------------------  -----  ---------  --------  ----------  --------------  -------------------  ----------------------
/opt/airflow/dags/stock_prediction_dag.py                           1           0  1.54s           2026-02-07T13:37:24                      12
================================================================================
[2026-02-07T13:38:07.667+0000] {manager.py:997} INFO - 
================================================================================
DAG File Processing Stats

File Path                                  PID    Runtime      # DAGs    # Errors  Last Runtime    Last Run               Last # of DB Queries
-----------------------------------------  -----  ---------  --------  ----------  --------------  -------------------  ----------------------
/opt/airflow/dags/stock_prediction_dag.py                           1           0  1.59s           2026-02-07T13:37:56                      12
================================================================================
[2026-02-07T13:38:38.201+0000] {manager.py:997} INFO - 
================================================================================
DAG File Processing Stats

File Path                                  PID    Runtime      # DAGs    # Errors  Last Runtime    Last Run               Last # of DB Queries
-----------------------------------------  -----  ---------  --------  ----------  --------------  -------------------  ----------------------
/opt/airflow/dags/stock_prediction_dag.py                           1           0  1.44s           2026-02-07T13:38:28                      12
================================================================================
[2026-02-07T13:39:08.337+0000] {manager.py:997} INFO - 
================================================================================
DAG File Processing Stats

File Path                                  PID    Runtime      # DAGs    # Errors  Last Runtime    Last Run               Last # of DB Queries
-----------------------------------------  -----  ---------  --------  ----------  --------------  -------------------  ----------------------
/opt/airflow/dags/stock_prediction_dag.py                           1           0  1.60s           2026-02-07T13:38:59                      12
================================================================================
[2026-02-07T13:39:38.466+0000] {manager.py:997} INFO - 
================================================================================
DAG File Processing Stats

File Path                                  PID    Runtime      # DAGs    # Errors  Last Runtime    Last Run               Last # of DB Queries
-----------------------------------------  -----  ---------  --------  ----------  --------------  -------------------  ----------------------
/opt/airflow/dags/stock_prediction_dag.py                           1           0  1.62s           2026-02-07T13:39:31                      12
================================================================================
[2026-02-07T13:40:08.770+0000] {manager.py:997} INFO - 
================================================================================
DAG File Processing Stats

File Path                                  PID    Runtime      # DAGs    # Errors  Last Runtime    Last Run               Last # of DB Queries
-----------------------------------------  -----  ---------  --------  ----------  --------------  -------------------  ----------------------
/opt/airflow/dags/stock_prediction_dag.py                           1           0  1.58s           2026-02-07T13:40:03                      12
================================================================================
[2026-02-07T13:40:38.890+0000] {manager.py:997} INFO - 
================================================================================
DAG File Processing Stats

File Path                                  PID    Runtime      # DAGs    # Errors  Last Runtime    Last Run               Last # of DB Queries
-----------------------------------------  -----  ---------  --------  ----------  --------------  -------------------  ----------------------
/opt/airflow/dags/stock_prediction_dag.py                           1           0  1.46s           2026-02-07T13:40:34                      12
================================================================================
[2026-02-07T13:41:09.035+0000] {manager.py:997} INFO - 
================================================================================
DAG File Processing Stats

File Path                                  PID    Runtime      # DAGs    # Errors  Last Runtime    Last Run               Last # of DB Queries
-----------------------------------------  -----  ---------  --------  ----------  --------------  -------------------  ----------------------
/opt/airflow/dags/stock_prediction_dag.py                           1           0  1.60s           2026-02-07T13:41:06                      12
================================================================================
[2026-02-07T13:41:39.156+0000] {manager.py:997} INFO - 
================================================================================
DAG File Processing Stats

File Path                                  PID    Runtime      # DAGs    # Errors  Last Runtime    Last Run               Last # of DB Queries
-----------------------------------------  -----  ---------  --------  ----------  --------------  -------------------  ----------------------
/opt/airflow/dags/stock_prediction_dag.py                           1           0  1.55s           2026-02-07T13:41:38                      12
================================================================================
[2026-02-07T13:42:09.300+0000] {manager.py:997} INFO - 
================================================================================
DAG File Processing Stats

File Path                                    PID  Runtime      # DAGs    # Errors  Last Runtime    Last Run               Last # of DB Queries
-----------------------------------------  -----  ---------  --------  ----------  --------------  -------------------  ----------------------
/opt/airflow/dags/stock_prediction_dag.py    494  1.02s             1           0  1.55s           2026-02-07T13:41:38                      12
================================================================================
[2026-02-07T13:42:30.957+0000] {manager.py:821} INFO - Searching for files in /opt/airflow/dags
[2026-02-07T13:42:30.958+0000] {manager.py:824} INFO - There are 1 files in /opt/airflow/dags
[2026-02-07T13:42:39.521+0000] {manager.py:997} INFO - 
================================================================================
DAG File Processing Stats

File Path                                  PID    Runtime      # DAGs    # Errors  Last Runtime    Last Run               Last # of DB Queries
-----------------------------------------  -----  ---------  --------  ----------  --------------  -------------------  ----------------------
/opt/airflow/dags/stock_prediction_dag.py                           1           0  1.60s           2026-02-07T13:42:09                      12
================================================================================
[2026-02-07T13:43:09.597+0000] {manager.py:997} INFO - 
================================================================================
DAG File Processing Stats

File Path                                  PID    Runtime      # DAGs    # Errors  Last Runtime    Last Run               Last # of DB Queries
-----------------------------------------  -----  ---------  --------  ----------  --------------  -------------------  ----------------------
/opt/airflow/dags/stock_prediction_dag.py                           1           0  1.48s           2026-02-07T13:42:41                      12
================================================================================
[2026-02-07T13:43:40.259+0000] {manager.py:997} INFO - 
================================================================================
DAG File Processing Stats

File Path                                  PID    Runtime      # DAGs    # Errors  Last Runtime    Last Run               Last # of DB Queries
-----------------------------------------  -----  ---------  --------  ----------  --------------  -------------------  ----------------------
/opt/airflow/dags/stock_prediction_dag.py                           1           0  1.60s           2026-02-07T13:43:13                      12
================================================================================
[2026-02-07T13:44:10.435+0000] {manager.py:997} INFO - 
================================================================================
DAG File Processing Stats

File Path                                  PID    Runtime      # DAGs    # Errors  Last Runtime    Last Run               Last # of DB Queries
-----------------------------------------  -----  ---------  --------  ----------  --------------  -------------------  ----------------------
/opt/airflow/dags/stock_prediction_dag.py                           1           0  1.56s           2026-02-07T13:43:44                      12
================================================================================
[2026-02-07T13:44:40.497+0000] {manager.py:997} INFO - 
================================================================================
DAG File Processing Stats

File Path                                  PID    Runtime      # DAGs    # Errors  Last Runtime    Last Run               Last # of DB Queries
-----------------------------------------  -----  ---------  --------  ----------  --------------  -------------------  ----------------------
/opt/airflow/dags/stock_prediction_dag.py                           1           0  1.43s           2026-02-07T13:44:16                      12
================================================================================
[2026-02-07T13:45:10.616+0000] {manager.py:997} INFO - 
================================================================================
DAG File Processing Stats

File Path                                  PID    Runtime      # DAGs    # Errors  Last Runtime    Last Run               Last # of DB Queries
-----------------------------------------  -----  ---------  --------  ----------  --------------  -------------------  ----------------------
/opt/airflow/dags/stock_prediction_dag.py                           1           0  1.46s           2026-02-07T13:44:47                      12
================================================================================
[2026-02-07T13:45:40.751+0000] {manager.py:997} INFO - 
================================================================================
DAG File Processing Stats

File Path                                  PID    Runtime      # DAGs    # Errors  Last Runtime    Last Run               Last # of DB Queries
-----------------------------------------  -----  ---------  --------  ----------  --------------  -------------------  ----------------------
/opt/airflow/dags/stock_prediction_dag.py                           1           0  1.58s           2026-02-07T13:45:19                      12
================================================================================
[2026-02-07T13:46:10.891+0000] {manager.py:997} INFO - 
================================================================================
DAG File Processing Stats

File Path                                  PID    Runtime      # DAGs    # Errors  Last Runtime    Last Run               Last # of DB Queries
-----------------------------------------  -----  ---------  --------  ----------  --------------  -------------------  ----------------------
/opt/airflow/dags/stock_prediction_dag.py                           1           0  1.54s           2026-02-07T13:45:51                      12
================================================================================
[2026-02-07T13:46:41.021+0000] {manager.py:997} INFO - 
================================================================================
DAG File Processing Stats

File Path                                  PID    Runtime      # DAGs    # Errors  Last Runtime    Last Run               Last # of DB Queries
-----------------------------------------  -----  ---------  --------  ----------  --------------  -------------------  ----------------------
/opt/airflow/dags/stock_prediction_dag.py                           1           0  1.54s           2026-02-07T13:46:22                      12
================================================================================
[2026-02-07T13:47:11.169+0000] {manager.py:997} INFO - 
================================================================================
DAG File Processing Stats

File Path                                  PID    Runtime      # DAGs    # Errors  Last Runtime    Last Run               Last # of DB Queries
-----------------------------------------  -----  ---------  --------  ----------  --------------  -------------------  ----------------------
/opt/airflow/dags/stock_prediction_dag.py                           1           0  1.55s           2026-02-07T13:46:54                      12
================================================================================
[2026-02-07T13:47:31.251+0000] {manager.py:821} INFO - Searching for files in /opt/airflow/dags
[2026-02-07T13:47:31.256+0000] {manager.py:824} INFO - There are 1 files in /opt/airflow/dags
[2026-02-07T13:47:41.328+0000] {manager.py:997} INFO - 
================================================================================
DAG File Processing Stats

File Path                                  PID    Runtime      # DAGs    # Errors  Last Runtime    Last Run               Last # of DB Queries
-----------------------------------------  -----  ---------  --------  ----------  --------------  -------------------  ----------------------
/opt/airflow/dags/stock_prediction_dag.py                           1           0  1.52s           2026-02-07T13:47:26                      12
================================================================================
[2026-02-07T13:48:11.466+0000] {manager.py:997} INFO - 
================================================================================
DAG File Processing Stats

File Path                                  PID    Runtime      # DAGs    # Errors  Last Runtime    Last Run               Last # of DB Queries
-----------------------------------------  -----  ---------  --------  ----------  --------------  -------------------  ----------------------
/opt/airflow/dags/stock_prediction_dag.py                           1           0  1.50s           2026-02-07T13:47:57                      12
================================================================================
[2026-02-07T13:48:41.594+0000] {manager.py:997} INFO - 
================================================================================
DAG File Processing Stats

File Path                                  PID    Runtime      # DAGs    # Errors  Last Runtime    Last Run               Last # of DB Queries
-----------------------------------------  -----  ---------  --------  ----------  --------------  -------------------  ----------------------
/opt/airflow/dags/stock_prediction_dag.py                           1           0  1.55s           2026-02-07T13:48:29                      12
================================================================================
[2026-02-07T13:49:11.731+0000] {manager.py:997} INFO - 
================================================================================
DAG File Processing Stats

File Path                                  PID    Runtime      # DAGs    # Errors  Last Runtime    Last Run               Last # of DB Queries
-----------------------------------------  -----  ---------  --------  ----------  --------------  -------------------  ----------------------
/opt/airflow/dags/stock_prediction_dag.py                           1           0  1.48s           2026-02-07T13:49:01                      12
================================================================================
[2026-02-07T13:49:41.859+0000] {manager.py:997} INFO - 
================================================================================
DAG File Processing Stats

File Path                                  PID    Runtime      # DAGs    # Errors  Last Runtime    Last Run               Last # of DB Queries
-----------------------------------------  -----  ---------  --------  ----------  --------------  -------------------  ----------------------
/opt/airflow/dags/stock_prediction_dag.py                           1           0  1.58s           2026-02-07T13:49:32                      12
================================================================================
[2026-02-07T13:50:12.012+0000] {manager.py:997} INFO - 
================================================================================
DAG File Processing Stats

File Path                                  PID    Runtime      # DAGs    # Errors  Last Runtime    Last Run               Last # of DB Queries
-----------------------------------------  -----  ---------  --------  ----------  --------------  -------------------  ----------------------
/opt/airflow/dags/stock_prediction_dag.py                           1           0  1.58s           2026-02-07T13:50:04                      12
================================================================================
[2026-02-07T13:50:42.129+0000] {manager.py:997} INFO - 
================================================================================
DAG File Processing Stats

File Path                                  PID    Runtime      # DAGs    # Errors  Last Runtime    Last Run               Last # of DB Queries
-----------------------------------------  -----  ---------  --------  ----------  --------------  -------------------  ----------------------
/opt/airflow/dags/stock_prediction_dag.py                           1           0  1.47s           2026-02-07T13:50:36                      12
================================================================================
[2026-02-07T13:51:12.269+0000] {manager.py:997} INFO - 
================================================================================
DAG File Processing Stats

File Path                                  PID    Runtime      # DAGs    # Errors  Last Runtime    Last Run               Last # of DB Queries
-----------------------------------------  -----  ---------  --------  ----------  --------------  -------------------  ----------------------
/opt/airflow/dags/stock_prediction_dag.py                           1           0  1.66s           2026-02-07T13:51:07                      12
================================================================================
[2026-02-07T13:51:42.389+0000] {manager.py:997} INFO - 
================================================================================
DAG File Processing Stats

File Path                                  PID    Runtime      # DAGs    # Errors  Last Runtime    Last Run               Last # of DB Queries
-----------------------------------------  -----  ---------  --------  ----------  --------------  -------------------  ----------------------
/opt/airflow/dags/stock_prediction_dag.py                           1           0  1.50s           2026-02-07T13:51:39                      12
================================================================================
[2026-02-07T13:52:12.646+0000] {manager.py:997} INFO - 
================================================================================
DAG File Processing Stats

File Path                                  PID    Runtime      # DAGs    # Errors  Last Runtime    Last Run               Last # of DB Queries
-----------------------------------------  -----  ---------  --------  ----------  --------------  -------------------  ----------------------
/opt/airflow/dags/stock_prediction_dag.py                           1           0  1.52s           2026-02-07T13:52:11                      12
================================================================================
[2026-02-07T13:52:31.725+0000] {manager.py:821} INFO - Searching for files in /opt/airflow/dags
[2026-02-07T13:52:31.726+0000] {manager.py:824} INFO - There are 1 files in /opt/airflow/dags
[2026-02-07T13:52:42.711+0000] {manager.py:997} INFO - 
================================================================================
DAG File Processing Stats

File Path                                  PID    Runtime      # DAGs    # Errors  Last Runtime    Last Run               Last # of DB Queries
-----------------------------------------  -----  ---------  --------  ----------  --------------  -------------------  ----------------------
/opt/airflow/dags/stock_prediction_dag.py                           1           0  1.44s           2026-02-07T13:52:42                      12
================================================================================
[2026-02-07T13:53:12.830+0000] {manager.py:997} INFO - 
================================================================================
DAG File Processing Stats

File Path                                    PID  Runtime      # DAGs    # Errors  Last Runtime    Last Run               Last # of DB Queries
-----------------------------------------  -----  ---------  --------  ----------  --------------  -------------------  ----------------------
/opt/airflow/dags/stock_prediction_dag.py    695  0.00s             1           0  1.44s           2026-02-07T13:52:42                      12
================================================================================
[2026-02-07T13:53:42.951+0000] {manager.py:997} INFO - 
================================================================================
DAG File Processing Stats

File Path                                  PID    Runtime      # DAGs    # Errors  Last Runtime    Last Run               Last # of DB Queries
-----------------------------------------  -----  ---------  --------  ----------  --------------  -------------------  ----------------------
/opt/airflow/dags/stock_prediction_dag.py                           1           0  1.55s           2026-02-07T13:53:14                      12
================================================================================
[2026-02-07T13:54:13.095+0000] {manager.py:997} INFO - 
================================================================================
DAG File Processing Stats

File Path                                  PID    Runtime      # DAGs    # Errors  Last Runtime    Last Run               Last # of DB Queries
-----------------------------------------  -----  ---------  --------  ----------  --------------  -------------------  ----------------------
/opt/airflow/dags/stock_prediction_dag.py                           1           0  1.48s           2026-02-07T13:53:45                      12
================================================================================
[2026-02-07T13:54:43.218+0000] {manager.py:997} INFO - 
================================================================================
DAG File Processing Stats

File Path                                  PID    Runtime      # DAGs    # Errors  Last Runtime    Last Run               Last # of DB Queries
-----------------------------------------  -----  ---------  --------  ----------  --------------  -------------------  ----------------------
/opt/airflow/dags/stock_prediction_dag.py                           1           0  1.53s           2026-02-07T13:54:17                      12
================================================================================
[2026-02-07T13:55:13.287+0000] {manager.py:997} INFO - 
================================================================================
DAG File Processing Stats

File Path                                  PID    Runtime      # DAGs    # Errors  Last Runtime    Last Run               Last # of DB Queries
-----------------------------------------  -----  ---------  --------  ----------  --------------  -------------------  ----------------------
/opt/airflow/dags/stock_prediction_dag.py                           1           0  1.44s           2026-02-07T13:54:49                      12
================================================================================
[2026-02-07T13:55:43.402+0000] {manager.py:997} INFO - 
================================================================================
DAG File Processing Stats

File Path                                  PID    Runtime      # DAGs    # Errors  Last Runtime    Last Run               Last # of DB Queries
-----------------------------------------  -----  ---------  --------  ----------  --------------  -------------------  ----------------------
/opt/airflow/dags/stock_prediction_dag.py                           1           0  1.57s           2026-02-07T13:55:20                      12
================================================================================
[2026-02-07T13:56:13.527+0000] {manager.py:997} INFO - 
================================================================================
DAG File Processing Stats

File Path                                  PID    Runtime      # DAGs    # Errors  Last Runtime    Last Run               Last # of DB Queries
-----------------------------------------  -----  ---------  --------  ----------  --------------  -------------------  ----------------------
/opt/airflow/dags/stock_prediction_dag.py                           1           0  1.68s           2026-02-07T13:55:52                      12
================================================================================
[2026-02-07T13:56:43.860+0000] {manager.py:997} INFO - 
================================================================================
DAG File Processing Stats

File Path                                  PID    Runtime      # DAGs    # Errors  Last Runtime    Last Run               Last # of DB Queries
-----------------------------------------  -----  ---------  --------  ----------  --------------  -------------------  ----------------------
/opt/airflow/dags/stock_prediction_dag.py                           1           0  1.56s           2026-02-07T13:56:24                      12
================================================================================
[2026-02-07T13:57:13.992+0000] {manager.py:997} INFO - 
================================================================================
DAG File Processing Stats

File Path                                  PID    Runtime      # DAGs    # Errors  Last Runtime    Last Run               Last # of DB Queries
-----------------------------------------  -----  ---------  --------  ----------  --------------  -------------------  ----------------------
/opt/airflow/dags/stock_prediction_dag.py                           1           0  1.47s           2026-02-07T13:56:55                      12
================================================================================
[2026-02-07T13:57:32.078+0000] {manager.py:821} INFO - Searching for files in /opt/airflow/dags
[2026-02-07T13:57:32.079+0000] {manager.py:824} INFO - There are 1 files in /opt/airflow/dags
[2026-02-07T13:57:44.130+0000] {manager.py:997} INFO - 
================================================================================
DAG File Processing Stats

File Path                                  PID    Runtime      # DAGs    # Errors  Last Runtime    Last Run               Last # of DB Queries
-----------------------------------------  -----  ---------  --------  ----------  --------------  -------------------  ----------------------
/opt/airflow/dags/stock_prediction_dag.py                           1           0  1.48s           2026-02-07T13:57:27                      12
================================================================================
[2026-02-07T13:58:14.238+0000] {manager.py:997} INFO - 
================================================================================
DAG File Processing Stats

File Path                                  PID    Runtime      # DAGs    # Errors  Last Runtime    Last Run               Last # of DB Queries
-----------------------------------------  -----  ---------  --------  ----------  --------------  -------------------  ----------------------
/opt/airflow/dags/stock_prediction_dag.py                           1           0  1.54s           2026-02-07T13:57:59                      12
================================================================================
[2026-02-07T13:58:44.839+0000] {manager.py:997} INFO - 
================================================================================
DAG File Processing Stats

File Path                                  PID    Runtime      # DAGs    # Errors  Last Runtime    Last Run               Last # of DB Queries
-----------------------------------------  -----  ---------  --------  ----------  --------------  -------------------  ----------------------
/opt/airflow/dags/stock_prediction_dag.py                           1           0  1.49s           2026-02-07T13:58:30                      12
================================================================================
[2026-02-07T13:59:14.929+0000] {manager.py:997} INFO - 
================================================================================
DAG File Processing Stats

File Path                                  PID    Runtime      # DAGs    # Errors  Last Runtime    Last Run               Last # of DB Queries
-----------------------------------------  -----  ---------  --------  ----------  --------------  -------------------  ----------------------
/opt/airflow/dags/stock_prediction_dag.py                           1           0  1.96s           2026-02-07T13:59:02                      12
================================================================================
[2026-02-07T13:59:45.107+0000] {manager.py:997} INFO - 
================================================================================
DAG File Processing Stats

File Path                                  PID    Runtime      # DAGs    # Errors  Last Runtime    Last Run               Last # of DB Queries
-----------------------------------------  -----  ---------  --------  ----------  --------------  -------------------  ----------------------
/opt/airflow/dags/stock_prediction_dag.py                           1           0  1.51s           2026-02-07T13:59:34                      12
================================================================================
[2026-02-07T14:00:15.233+0000] {manager.py:997} INFO - 
================================================================================
DAG File Processing Stats

File Path                                  PID    Runtime      # DAGs    # Errors  Last Runtime    Last Run               Last # of DB Queries
-----------------------------------------  -----  ---------  --------  ----------  --------------  -------------------  ----------------------
/opt/airflow/dags/stock_prediction_dag.py                           1           0  1.61s           2026-02-07T14:00:06                      12
================================================================================
[2026-02-07T14:00:45.400+0000] {manager.py:997} INFO - 
================================================================================
DAG File Processing Stats

File Path                                  PID    Runtime      # DAGs    # Errors  Last Runtime    Last Run               Last # of DB Queries
-----------------------------------------  -----  ---------  --------  ----------  --------------  -------------------  ----------------------
/opt/airflow/dags/stock_prediction_dag.py                           1           0  1.59s           2026-02-07T14:00:37                      12
================================================================================
[2026-02-07T14:01:15.528+0000] {manager.py:997} INFO - 
================================================================================
DAG File Processing Stats

File Path                                  PID    Runtime      # DAGs    # Errors  Last Runtime    Last Run               Last # of DB Queries
-----------------------------------------  -----  ---------  --------  ----------  --------------  -------------------  ----------------------
/opt/airflow/dags/stock_prediction_dag.py                           1           0  1.51s           2026-02-07T14:01:09                      12
================================================================================
[2026-02-07T14:01:45.693+0000] {manager.py:997} INFO - 
================================================================================
DAG File Processing Stats

File Path                                  PID    Runtime      # DAGs    # Errors  Last Runtime    Last Run               Last # of DB Queries
-----------------------------------------  -----  ---------  --------  ----------  --------------  -------------------  ----------------------
/opt/airflow/dags/stock_prediction_dag.py                           1           0  1.45s           2026-02-07T14:01:41                      12
================================================================================
[2026-02-07T14:02:15.755+0000] {manager.py:997} INFO - 
================================================================================
DAG File Processing Stats

File Path                                  PID    Runtime      # DAGs    # Errors  Last Runtime    Last Run               Last # of DB Queries
-----------------------------------------  -----  ---------  --------  ----------  --------------  -------------------  ----------------------
/opt/airflow/dags/stock_prediction_dag.py                           1           0  1.55s           2026-02-07T14:02:12                      12
================================================================================
[2026-02-07T14:02:32.276+0000] {manager.py:821} INFO - Searching for files in /opt/airflow/dags
[2026-02-07T14:02:32.277+0000] {manager.py:824} INFO - There are 1 files in /opt/airflow/dags
[2026-02-07T14:02:46.342+0000] {manager.py:997} INFO - 
================================================================================
DAG File Processing Stats

File Path                                  PID    Runtime      # DAGs    # Errors  Last Runtime    Last Run               Last # of DB Queries
-----------------------------------------  -----  ---------  --------  ----------  --------------  -------------------  ----------------------
/opt/airflow/dags/stock_prediction_dag.py                           1           0  1.53s           2026-02-07T14:02:44                      12
================================================================================
[2026-02-07T14:03:16.530+0000] {manager.py:997} INFO - 
================================================================================
DAG File Processing Stats

File Path                                  PID    Runtime      # DAGs    # Errors  Last Runtime    Last Run               Last # of DB Queries
-----------------------------------------  -----  ---------  --------  ----------  --------------  -------------------  ----------------------
/opt/airflow/dags/stock_prediction_dag.py                           1           0  1.57s           2026-02-07T14:03:16                      12
================================================================================
[2026-02-07T14:03:46.643+0000] {manager.py:997} INFO - 
================================================================================
DAG File Processing Stats

File Path                                    PID  Runtime      # DAGs    # Errors  Last Runtime    Last Run               Last # of DB Queries
-----------------------------------------  -----  ---------  --------  ----------  --------------  -------------------  ----------------------
/opt/airflow/dags/stock_prediction_dag.py    855  0.49s             1           0  1.57s           2026-02-07T14:03:16                      12
================================================================================
[2026-02-07T14:04:16.685+0000] {manager.py:997} INFO - 
================================================================================
DAG File Processing Stats

File Path                                  PID    Runtime      # DAGs    # Errors  Last Runtime    Last Run               Last # of DB Queries
-----------------------------------------  -----  ---------  --------  ----------  --------------  -------------------  ----------------------
/opt/airflow/dags/stock_prediction_dag.py                           1           0  1.42s           2026-02-07T14:03:47                      12
================================================================================
[2026-02-07T14:04:46.800+0000] {manager.py:997} INFO - 
================================================================================
DAG File Processing Stats

File Path                                  PID    Runtime      # DAGs    # Errors  Last Runtime    Last Run               Last # of DB Queries
-----------------------------------------  -----  ---------  --------  ----------  --------------  -------------------  ----------------------
/opt/airflow/dags/stock_prediction_dag.py                           1           0  1.51s           2026-02-07T14:04:19                      12
================================================================================
[2026-02-07T14:05:16.948+0000] {manager.py:997} INFO - 
================================================================================
DAG File Processing Stats

File Path                                  PID    Runtime      # DAGs    # Errors  Last Runtime    Last Run               Last # of DB Queries
-----------------------------------------  -----  ---------  --------  ----------  --------------  -------------------  ----------------------
/opt/airflow/dags/stock_prediction_dag.py                           1           0  1.57s           2026-02-07T14:04:50                      12
================================================================================
[2026-02-07T14:05:47.098+0000] {manager.py:997} INFO - 
================================================================================
DAG File Processing Stats

File Path                                  PID    Runtime      # DAGs    # Errors  Last Runtime    Last Run               Last # of DB Queries
-----------------------------------------  -----  ---------  --------  ----------  --------------  -------------------  ----------------------
/opt/airflow/dags/stock_prediction_dag.py                           1           0  1.55s           2026-02-07T14:05:22                      12
================================================================================
[2026-02-07T14:06:17.190+0000] {manager.py:997} INFO - 
================================================================================
DAG File Processing Stats

File Path                                  PID    Runtime      # DAGs    # Errors  Last Runtime    Last Run               Last # of DB Queries
-----------------------------------------  -----  ---------  --------  ----------  --------------  -------------------  ----------------------
/opt/airflow/dags/stock_prediction_dag.py                           1           0  1.47s           2026-02-07T14:05:54                      12
================================================================================
[2026-02-07T14:06:47.318+0000] {manager.py:997} INFO - 
================================================================================
DAG File Processing Stats

File Path                                  PID    Runtime      # DAGs    # Errors  Last Runtime    Last Run               Last # of DB Queries
-----------------------------------------  -----  ---------  --------  ----------  --------------  -------------------  ----------------------
/opt/airflow/dags/stock_prediction_dag.py                           1           0  1.54s           2026-02-07T14:06:25                      12
================================================================================
[2026-02-07T14:07:17.443+0000] {manager.py:997} INFO - 
================================================================================
DAG File Processing Stats

File Path                                  PID    Runtime      # DAGs    # Errors  Last Runtime    Last Run               Last # of DB Queries
-----------------------------------------  -----  ---------  --------  ----------  --------------  -------------------  ----------------------
/opt/airflow/dags/stock_prediction_dag.py                           1           0  1.50s           2026-02-07T14:06:57                      12
================================================================================
[2026-02-07T14:07:32.519+0000] {manager.py:821} INFO - Searching for files in /opt/airflow/dags
[2026-02-07T14:07:32.521+0000] {manager.py:824} INFO - There are 1 files in /opt/airflow/dags
[2026-02-07T14:07:47.585+0000] {manager.py:997} INFO - 
================================================================================
DAG File Processing Stats

File Path                                  PID    Runtime      # DAGs    # Errors  Last Runtime    Last Run               Last # of DB Queries
-----------------------------------------  -----  ---------  --------  ----------  --------------  -------------------  ----------------------
/opt/airflow/dags/stock_prediction_dag.py                           1           0  1.50s           2026-02-07T14:07:28                      12
================================================================================
[2026-02-07T14:08:17.712+0000] {manager.py:997} INFO - 
================================================================================
DAG File Processing Stats

File Path                                  PID    Runtime      # DAGs    # Errors  Last Runtime    Last Run               Last # of DB Queries
-----------------------------------------  -----  ---------  --------  ----------  --------------  -------------------  ----------------------
/opt/airflow/dags/stock_prediction_dag.py                           1           0  1.56s           2026-02-07T14:08:00                      12
================================================================================
[2026-02-07T14:08:47.848+0000] {manager.py:997} INFO - 
================================================================================
DAG File Processing Stats

File Path                                  PID    Runtime      # DAGs    # Errors  Last Runtime    Last Run               Last # of DB Queries
-----------------------------------------  -----  ---------  --------  ----------  --------------  -------------------  ----------------------
/opt/airflow/dags/stock_prediction_dag.py                           1           0  1.46s           2026-02-07T14:08:32                      12
================================================================================
[2026-02-07T14:09:17.971+0000] {manager.py:997} INFO - 
================================================================================
DAG File Processing Stats

File Path                                  PID    Runtime      # DAGs    # Errors  Last Runtime    Last Run               Last # of DB Queries
-----------------------------------------  -----  ---------  --------  ----------  --------------  -------------------  ----------------------
/opt/airflow/dags/stock_prediction_dag.py                           1           0  1.63s           2026-02-07T14:09:03                      12
================================================================================
[2026-02-07T14:09:48.161+0000] {manager.py:997} INFO - 
================================================================================
DAG File Processing Stats

File Path                                  PID    Runtime      # DAGs    # Errors  Last Runtime    Last Run               Last # of DB Queries
-----------------------------------------  -----  ---------  --------  ----------  --------------  -------------------  ----------------------
/opt/airflow/dags/stock_prediction_dag.py                           1           0  1.45s           2026-02-07T14:09:35                      12
================================================================================
[2026-02-07T14:10:18.218+0000] {manager.py:997} INFO - 
================================================================================
DAG File Processing Stats

File Path                                  PID    Runtime      # DAGs    # Errors  Last Runtime    Last Run               Last # of DB Queries
-----------------------------------------  -----  ---------  --------  ----------  --------------  -------------------  ----------------------
/opt/airflow/dags/stock_prediction_dag.py                           1           0  1.56s           2026-02-07T14:10:07                      12
================================================================================
[2026-02-07T14:10:48.342+0000] {manager.py:997} INFO - 
================================================================================
DAG File Processing Stats

File Path                                  PID    Runtime      # DAGs    # Errors  Last Runtime    Last Run               Last # of DB Queries
-----------------------------------------  -----  ---------  --------  ----------  --------------  -------------------  ----------------------
/opt/airflow/dags/stock_prediction_dag.py                           1           0  1.45s           2026-02-07T14:10:38                      12
================================================================================
[2026-02-07T14:11:18.405+0000] {manager.py:997} INFO - 
================================================================================
DAG File Processing Stats

File Path                                  PID    Runtime      # DAGs    # Errors  Last Runtime    Last Run               Last # of DB Queries
-----------------------------------------  -----  ---------  --------  ----------  --------------  -------------------  ----------------------
/opt/airflow/dags/stock_prediction_dag.py                           1           0  1.51s           2026-02-07T14:11:10                      12
================================================================================
[2026-02-07T14:11:48.526+0000] {manager.py:997} INFO - 
================================================================================
DAG File Processing Stats

File Path                                  PID    Runtime      # DAGs    # Errors  Last Runtime    Last Run               Last # of DB Queries
-----------------------------------------  -----  ---------  --------  ----------  --------------  -------------------  ----------------------
/opt/airflow/dags/stock_prediction_dag.py                           1           0  1.48s           2026-02-07T14:11:41                      12
================================================================================
[2026-02-07T14:12:18.616+0000] {manager.py:997} INFO - 
================================================================================
DAG File Processing Stats

File Path                                  PID    Runtime      # DAGs    # Errors  Last Runtime    Last Run               Last # of DB Queries
-----------------------------------------  -----  ---------  --------  ----------  --------------  -------------------  ----------------------
/opt/airflow/dags/stock_prediction_dag.py                           1           0  1.52s           2026-02-07T14:12:13                      12
================================================================================
[2026-02-07T14:12:32.668+0000] {manager.py:821} INFO - Searching for files in /opt/airflow/dags
[2026-02-07T14:12:32.669+0000] {manager.py:824} INFO - There are 1 files in /opt/airflow/dags
[2026-02-07T14:12:49.231+0000] {manager.py:997} INFO - 
================================================================================
DAG File Processing Stats

File Path                                  PID    Runtime      # DAGs    # Errors  Last Runtime    Last Run               Last # of DB Queries
-----------------------------------------  -----  ---------  --------  ----------  --------------  -------------------  ----------------------
/opt/airflow/dags/stock_prediction_dag.py                           1           0  1.57s           2026-02-07T14:12:45                      12
================================================================================
[2026-02-07T14:13:19.424+0000] {manager.py:997} INFO - 
================================================================================
DAG File Processing Stats

File Path                                  PID    Runtime      # DAGs    # Errors  Last Runtime    Last Run               Last # of DB Queries
-----------------------------------------  -----  ---------  --------  ----------  --------------  -------------------  ----------------------
/opt/airflow/dags/stock_prediction_dag.py                           1           0  1.67s           2026-02-07T14:13:17                      12
================================================================================
[2026-02-07T14:13:49.539+0000] {manager.py:997} INFO - 
================================================================================
DAG File Processing Stats

File Path                                  PID    Runtime      # DAGs    # Errors  Last Runtime    Last Run               Last # of DB Queries
-----------------------------------------  -----  ---------  --------  ----------  --------------  -------------------  ----------------------
/opt/airflow/dags/stock_prediction_dag.py                           1           0  1.65s           2026-02-07T14:13:48                      12
================================================================================
[2026-02-07T14:14:19.664+0000] {manager.py:997} INFO - 
================================================================================
DAG File Processing Stats

File Path                                    PID  Runtime      # DAGs    # Errors  Last Runtime    Last Run               Last # of DB Queries
-----------------------------------------  -----  ---------  --------  ----------  --------------  -------------------  ----------------------
/opt/airflow/dags/stock_prediction_dag.py   1015  0.75s             1           0  1.65s           2026-02-07T14:13:48                      12
================================================================================
[2026-02-07T14:14:50.044+0000] {manager.py:997} INFO - 
================================================================================
DAG File Processing Stats

File Path                                  PID    Runtime      # DAGs    # Errors  Last Runtime    Last Run               Last # of DB Queries
-----------------------------------------  -----  ---------  --------  ----------  --------------  -------------------  ----------------------
/opt/airflow/dags/stock_prediction_dag.py                           1           0  1.47s           2026-02-07T14:14:20                      12
================================================================================
[2026-02-07T14:15:20.147+0000] {manager.py:997} INFO - 
================================================================================
DAG File Processing Stats

File Path                                  PID    Runtime      # DAGs    # Errors  Last Runtime    Last Run               Last # of DB Queries
-----------------------------------------  -----  ---------  --------  ----------  --------------  -------------------  ----------------------
/opt/airflow/dags/stock_prediction_dag.py                           1           0  1.54s           2026-02-07T14:14:52                      12
================================================================================
[2026-02-07T14:15:50.764+0000] {manager.py:997} INFO - 
================================================================================
DAG File Processing Stats

File Path                                  PID    Runtime      # DAGs    # Errors  Last Runtime    Last Run               Last # of DB Queries
-----------------------------------------  -----  ---------  --------  ----------  --------------  -------------------  ----------------------
/opt/airflow/dags/stock_prediction_dag.py                           1           0  1.54s           2026-02-07T14:15:23                      12
================================================================================
[2026-02-07T14:16:20.919+0000] {manager.py:997} INFO - 
================================================================================
DAG File Processing Stats

File Path                                  PID    Runtime      # DAGs    # Errors  Last Runtime    Last Run               Last # of DB Queries
-----------------------------------------  -----  ---------  --------  ----------  --------------  -------------------  ----------------------
/opt/airflow/dags/stock_prediction_dag.py                           1           0  1.48s           2026-02-07T14:15:55                      12
================================================================================
[2026-02-07T14:16:51.479+0000] {manager.py:997} INFO - 
================================================================================
DAG File Processing Stats

File Path                                  PID    Runtime      # DAGs    # Errors  Last Runtime    Last Run               Last # of DB Queries
-----------------------------------------  -----  ---------  --------  ----------  --------------  -------------------  ----------------------
/opt/airflow/dags/stock_prediction_dag.py                           1           0  1.45s           2026-02-07T14:16:26                      12
================================================================================
[2026-02-07T14:17:21.556+0000] {manager.py:997} INFO - 
================================================================================
DAG File Processing Stats

File Path                                  PID    Runtime      # DAGs    # Errors  Last Runtime    Last Run               Last # of DB Queries
-----------------------------------------  -----  ---------  --------  ----------  --------------  -------------------  ----------------------
/opt/airflow/dags/stock_prediction_dag.py                           1           0  1.53s           2026-02-07T14:16:58                      12
================================================================================
[2026-02-07T14:17:33.090+0000] {manager.py:821} INFO - Searching for files in /opt/airflow/dags
[2026-02-07T14:17:33.091+0000] {manager.py:824} INFO - There are 1 files in /opt/airflow/dags
[2026-02-07T14:17:52.190+0000] {manager.py:997} INFO - 
================================================================================
DAG File Processing Stats

File Path                                  PID    Runtime      # DAGs    # Errors  Last Runtime    Last Run               Last # of DB Queries
-----------------------------------------  -----  ---------  --------  ----------  --------------  -------------------  ----------------------
/opt/airflow/dags/stock_prediction_dag.py                           1           0  1.51s           2026-02-07T14:17:30                      12
================================================================================
[2026-02-07T14:18:22.318+0000] {manager.py:997} INFO - 
================================================================================
DAG File Processing Stats

File Path                                  PID    Runtime      # DAGs    # Errors  Last Runtime    Last Run               Last # of DB Queries
-----------------------------------------  -----  ---------  --------  ----------  --------------  -------------------  ----------------------
/opt/airflow/dags/stock_prediction_dag.py                           1           0  1.57s           2026-02-07T14:18:01                      12
================================================================================
[2026-02-07T14:18:52.447+0000] {manager.py:997} INFO - 
================================================================================
DAG File Processing Stats

File Path                                  PID    Runtime      # DAGs    # Errors  Last Runtime    Last Run               Last # of DB Queries
-----------------------------------------  -----  ---------  --------  ----------  --------------  -------------------  ----------------------
/opt/airflow/dags/stock_prediction_dag.py                           1           0  1.54s           2026-02-07T14:18:33                      12
================================================================================
[2026-02-07T14:19:22.664+0000] {manager.py:997} INFO - 
================================================================================
DAG File Processing Stats

File Path                                  PID    Runtime      # DAGs    # Errors  Last Runtime    Last Run               Last # of DB Queries
-----------------------------------------  -----  ---------  --------  ----------  --------------  -------------------  ----------------------
/opt/airflow/dags/stock_prediction_dag.py                           1           0  2.54s           2026-02-07T14:19:06                      12
================================================================================
[2026-02-07T14:19:52.709+0000] {manager.py:997} INFO - 
================================================================================
DAG File Processing Stats

File Path                                  PID    Runtime      # DAGs    # Errors  Last Runtime    Last Run               Last # of DB Queries
-----------------------------------------  -----  ---------  --------  ----------  --------------  -------------------  ----------------------
/opt/airflow/dags/stock_prediction_dag.py                           1           0  1.48s           2026-02-07T14:19:37                      12
================================================================================
[2026-02-07T14:20:23.372+0000] {manager.py:997} INFO - 
================================================================================
DAG File Processing Stats

File Path                                  PID    Runtime      # DAGs    # Errors  Last Runtime    Last Run               Last # of DB Queries
-----------------------------------------  -----  ---------  --------  ----------  --------------  -------------------  ----------------------
/opt/airflow/dags/stock_prediction_dag.py                           1           0  1.57s           2026-02-07T14:20:09                      12
================================================================================
[2026-02-07T14:20:53.502+0000] {manager.py:997} INFO - 
================================================================================
DAG File Processing Stats

File Path                                  PID    Runtime      # DAGs    # Errors  Last Runtime    Last Run               Last # of DB Queries
-----------------------------------------  -----  ---------  --------  ----------  --------------  -------------------  ----------------------
/opt/airflow/dags/stock_prediction_dag.py                           1           0  1.43s           2026-02-07T14:20:40                      12
================================================================================
[2026-02-07T14:21:23.566+0000] {manager.py:997} INFO - 
================================================================================
DAG File Processing Stats

File Path                                  PID    Runtime      # DAGs    # Errors  Last Runtime    Last Run               Last # of DB Queries
-----------------------------------------  -----  ---------  --------  ----------  --------------  -------------------  ----------------------
/opt/airflow/dags/stock_prediction_dag.py                           1           0  1.53s           2026-02-07T14:21:12                      12
================================================================================
[2026-02-07T14:21:53.684+0000] {manager.py:997} INFO - 
================================================================================
DAG File Processing Stats

File Path                                  PID    Runtime      # DAGs    # Errors  Last Runtime    Last Run               Last # of DB Queries
-----------------------------------------  -----  ---------  --------  ----------  --------------  -------------------  ----------------------
/opt/airflow/dags/stock_prediction_dag.py                           1           0  1.47s           2026-02-07T14:21:44                      12
================================================================================
[2026-02-07T14:22:23.809+0000] {manager.py:997} INFO - 
================================================================================
DAG File Processing Stats

File Path                                  PID    Runtime      # DAGs    # Errors  Last Runtime    Last Run               Last # of DB Queries
-----------------------------------------  -----  ---------  --------  ----------  --------------  -------------------  ----------------------
/opt/airflow/dags/stock_prediction_dag.py                           1           0  1.65s           2026-02-07T14:22:15                      12
================================================================================
[2026-02-07T14:22:33.861+0000] {manager.py:821} INFO - Searching for files in /opt/airflow/dags
[2026-02-07T14:22:33.862+0000] {manager.py:824} INFO - There are 1 files in /opt/airflow/dags
[2026-02-07T14:22:54.035+0000] {manager.py:997} INFO - 
================================================================================
DAG File Processing Stats

File Path                                  PID    Runtime      # DAGs    # Errors  Last Runtime    Last Run               Last # of DB Queries
-----------------------------------------  -----  ---------  --------  ----------  --------------  -------------------  ----------------------
/opt/airflow/dags/stock_prediction_dag.py                           1           0  1.54s           2026-02-07T14:22:47                      12
================================================================================
[2026-02-07T14:23:24.095+0000] {manager.py:997} INFO - 
================================================================================
DAG File Processing Stats

File Path                                  PID    Runtime      # DAGs    # Errors  Last Runtime    Last Run               Last # of DB Queries
-----------------------------------------  -----  ---------  --------  ----------  --------------  -------------------  ----------------------
/opt/airflow/dags/stock_prediction_dag.py                           1           0  1.48s           2026-02-07T14:23:19                      12
================================================================================
[2026-02-07T14:23:54.208+0000] {manager.py:997} INFO - 
================================================================================
DAG File Processing Stats

File Path                                  PID    Runtime      # DAGs    # Errors  Last Runtime    Last Run               Last # of DB Queries
-----------------------------------------  -----  ---------  --------  ----------  --------------  -------------------  ----------------------
/opt/airflow/dags/stock_prediction_dag.py                           1           0  1.47s           2026-02-07T14:23:50                      12
================================================================================
[2026-02-07T14:24:24.360+0000] {manager.py:997} INFO - 
================================================================================
DAG File Processing Stats

File Path                                  PID    Runtime      # DAGs    # Errors  Last Runtime    Last Run               Last # of DB Queries
-----------------------------------------  -----  ---------  --------  ----------  --------------  -------------------  ----------------------
/opt/airflow/dags/stock_prediction_dag.py                           1           0  1.56s           2026-02-07T14:24:22                      12
================================================================================
[2026-02-07T14:24:54.502+0000] {manager.py:997} INFO - 
================================================================================
DAG File Processing Stats

File Path                                  PID    Runtime      # DAGs    # Errors  Last Runtime    Last Run               Last # of DB Queries
-----------------------------------------  -----  ---------  --------  ----------  --------------  -------------------  ----------------------
/opt/airflow/dags/stock_prediction_dag.py                           1           0  1.53s           2026-02-07T14:24:54                      12
================================================================================
[2026-02-07T14:25:24.633+0000] {manager.py:997} INFO - 
================================================================================
DAG File Processing Stats

File Path                                    PID  Runtime      # DAGs    # Errors  Last Runtime    Last Run               Last # of DB Queries
-----------------------------------------  -----  ---------  --------  ----------  --------------  -------------------  ----------------------
/opt/airflow/dags/stock_prediction_dag.py   1268  0.48s             1           0  1.53s           2026-02-07T14:24:54                      12
================================================================================
[2026-02-07T14:25:54.785+0000] {manager.py:997} INFO - 
================================================================================
DAG File Processing Stats

File Path                                  PID    Runtime      # DAGs    # Errors  Last Runtime    Last Run               Last # of DB Queries
-----------------------------------------  -----  ---------  --------  ----------  --------------  -------------------  ----------------------
/opt/airflow/dags/stock_prediction_dag.py                           1           0  1.51s           2026-02-07T14:25:25                      12
================================================================================
[2026-02-07T14:26:24.915+0000] {manager.py:997} INFO - 
================================================================================
DAG File Processing Stats

File Path                                  PID    Runtime      # DAGs    # Errors  Last Runtime    Last Run               Last # of DB Queries
-----------------------------------------  -----  ---------  --------  ----------  --------------  -------------------  ----------------------
/opt/airflow/dags/stock_prediction_dag.py                           1           0  1.53s           2026-02-07T14:25:57                      12
================================================================================
[2026-02-07T14:26:55.045+0000] {manager.py:997} INFO - 
================================================================================
DAG File Processing Stats

File Path                                  PID    Runtime      # DAGs    # Errors  Last Runtime    Last Run               Last # of DB Queries
-----------------------------------------  -----  ---------  --------  ----------  --------------  -------------------  ----------------------
/opt/airflow/dags/stock_prediction_dag.py                           1           0  1.52s           2026-02-07T14:26:28                      12
================================================================================
[2026-02-07T14:27:25.188+0000] {manager.py:997} INFO - 
================================================================================
DAG File Processing Stats

File Path                                  PID    Runtime      # DAGs    # Errors  Last Runtime    Last Run               Last # of DB Queries
-----------------------------------------  -----  ---------  --------  ----------  --------------  -------------------  ----------------------
/opt/airflow/dags/stock_prediction_dag.py                           1           0  1.69s           2026-02-07T14:27:00                      12
================================================================================
[2026-02-07T14:27:34.222+0000] {manager.py:821} INFO - Searching for files in /opt/airflow/dags
[2026-02-07T14:27:34.223+0000] {manager.py:824} INFO - There are 1 files in /opt/airflow/dags
[2026-02-07T14:27:55.329+0000] {manager.py:997} INFO - 
================================================================================
DAG File Processing Stats

File Path                                  PID    Runtime      # DAGs    # Errors  Last Runtime    Last Run               Last # of DB Queries
-----------------------------------------  -----  ---------  --------  ----------  --------------  -------------------  ----------------------
/opt/airflow/dags/stock_prediction_dag.py                           1           0  1.50s           2026-02-07T14:27:32                      12
================================================================================
[2026-02-07T14:28:25.589+0000] {manager.py:997} INFO - 
================================================================================
DAG File Processing Stats

File Path                                  PID    Runtime      # DAGs    # Errors  Last Runtime    Last Run               Last # of DB Queries
-----------------------------------------  -----  ---------  --------  ----------  --------------  -------------------  ----------------------
/opt/airflow/dags/stock_prediction_dag.py                           1           0  1.48s           2026-02-07T14:28:03                      12
================================================================================
[2026-02-07T14:28:55.603+0000] {manager.py:997} INFO - 
================================================================================
DAG File Processing Stats

File Path                                  PID    Runtime      # DAGs    # Errors  Last Runtime    Last Run               Last # of DB Queries
-----------------------------------------  -----  ---------  --------  ----------  --------------  -------------------  ----------------------
/opt/airflow/dags/stock_prediction_dag.py                           1           0  1.44s           2026-02-07T14:28:35                      12
================================================================================
[2026-02-07T14:29:25.719+0000] {manager.py:997} INFO - 
================================================================================
DAG File Processing Stats

File Path                                  PID    Runtime      # DAGs    # Errors  Last Runtime    Last Run               Last # of DB Queries
-----------------------------------------  -----  ---------  --------  ----------  --------------  -------------------  ----------------------
/opt/airflow/dags/stock_prediction_dag.py                           1           0  1.55s           2026-02-07T14:29:07                      12
================================================================================
[2026-02-07T14:29:55.913+0000] {manager.py:997} INFO - 
================================================================================
DAG File Processing Stats

File Path                                  PID    Runtime      # DAGs    # Errors  Last Runtime    Last Run               Last # of DB Queries
-----------------------------------------  -----  ---------  --------  ----------  --------------  -------------------  ----------------------
/opt/airflow/dags/stock_prediction_dag.py                           1           0  1.60s           2026-02-07T14:29:51                      12
================================================================================
[2026-02-07T14:30:26.036+0000] {manager.py:997} INFO - 
================================================================================
DAG File Processing Stats

File Path                                  PID    Runtime      # DAGs    # Errors  Last Runtime    Last Run               Last # of DB Queries
-----------------------------------------  -----  ---------  --------  ----------  --------------  -------------------  ----------------------
/opt/airflow/dags/stock_prediction_dag.py                           1           0  1.52s           2026-02-07T14:30:23                      12
================================================================================
