[2026-02-07T14:19:02.007+0000] {local_task_job_runner.py:123} INFO - ::group::Pre task execution logs
[2026-02-07T14:19:02.019+0000] {taskinstance.py:2612} INFO - Dependencies all met for dep_context=non-requeueable deps ti=<TaskInstance: end_to_end_stock_prediction.fetch_stock_data manual__2026-02-07T14:18:59.698355+00:00 [queued]>
[2026-02-07T14:19:02.024+0000] {taskinstance.py:2612} INFO - Dependencies all met for dep_context=requeueable deps ti=<TaskInstance: end_to_end_stock_prediction.fetch_stock_data manual__2026-02-07T14:18:59.698355+00:00 [queued]>
[2026-02-07T14:19:02.025+0000] {taskinstance.py:2865} INFO - Starting attempt 1 of 1
[2026-02-07T14:19:02.034+0000] {taskinstance.py:2888} INFO - Executing <Task(_PythonDecoratedOperator): fetch_stock_data> on 2026-02-07 14:18:59.698355+00:00
[2026-02-07T14:19:02.043+0000] {standard_task_runner.py:104} INFO - Running: ['***', 'tasks', 'run', 'end_to_end_stock_prediction', 'fetch_stock_data', 'manual__2026-02-07T14:18:59.698355+00:00', '--job-id', '5', '--raw', '--subdir', 'DAGS_FOLDER/stock_prediction_dag.py', '--cfg-path', '/tmp/tmp8i_3hhk9']
[2026-02-07T14:19:02.046+0000] {standard_task_runner.py:105} INFO - Job 5: Subtask fetch_stock_data
[2026-02-07T14:19:02.047+0000] {logging_mixin.py:190} WARNING - /home/***/.local/lib/python3.12/site-packages/***/task/task_runner/standard_task_runner.py:70 DeprecationWarning: This process (pid=1087) is multi-threaded, use of fork() may lead to deadlocks in the child.
[2026-02-07T14:19:02.047+0000] {standard_task_runner.py:72} INFO - Started process 1091 to run task
[2026-02-07T14:19:02.087+0000] {task_command.py:467} INFO - Running <TaskInstance: end_to_end_stock_prediction.fetch_stock_data manual__2026-02-07T14:18:59.698355+00:00 [running]> on host 3d2e6d36c517
[2026-02-07T14:19:02.181+0000] {taskinstance.py:3131} INFO - Exporting env vars: AIRFLOW_CTX_DAG_OWNER='***' AIRFLOW_CTX_DAG_ID='end_to_end_stock_prediction' AIRFLOW_CTX_TASK_ID='fetch_stock_data' AIRFLOW_CTX_EXECUTION_DATE='2026-02-07T14:18:59.698355+00:00' AIRFLOW_CTX_TRY_NUMBER='1' AIRFLOW_CTX_DAG_RUN_ID='manual__2026-02-07T14:18:59.698355+00:00'
[2026-02-07T14:19:02.183+0000] {taskinstance.py:731} INFO - ::endgroup::
[2026-02-07T14:19:02.188+0000] {logging_mixin.py:190} INFO - Fetching data for AAPL...
[2026-02-07T14:19:02.599+0000] {logging_mixin.py:190} WARNING - [*********************100%***********************]  1 of 1 completed
[2026-02-07T14:19:02.630+0000] {base.py:84} INFO - Retrieving connection 'minio_s3_conn'
[2026-02-07T14:19:02.631+0000] {connection_wrapper.py:388} INFO - AWS Connection (conn_id='minio_s3_conn', conn_type='aws') credentials retrieved from login and password.
[2026-02-07T14:19:03.059+0000] {logging_mixin.py:190} INFO - Saved to s3://stock-data/raw_data/AAPL_2026-02-07.csv
[2026-02-07T14:19:03.059+0000] {python.py:240} INFO - Done. Returned value was: raw_data/AAPL_2026-02-07.csv
[2026-02-07T14:19:03.295+0000] {taskinstance.py:340} INFO - ::group::Post task execution logs
[2026-02-07T14:19:03.295+0000] {taskinstance.py:352} INFO - Marking task as SUCCESS. dag_id=end_to_end_stock_prediction, task_id=fetch_stock_data, run_id=manual__2026-02-07T14:18:59.698355+00:00, execution_date=20260207T141859, start_date=20260207T141902, end_date=20260207T141903
[2026-02-07T14:19:03.325+0000] {local_task_job_runner.py:266} INFO - Task exited with return code 0
[2026-02-07T14:19:03.341+0000] {taskinstance.py:3900} INFO - 1 downstream tasks scheduled from follow-on schedule check
[2026-02-07T14:19:03.342+0000] {local_task_job_runner.py:245} INFO - ::endgroup::
